This file contains any messages produced by compilers while
running configure, to aid debugging if configure makes a mistake.

It was created by configure, which was
generated by GNU Autoconf 2.57.  Invocation command line was

  $ ./configure 

## --------- ##
## Platform. ##
## --------- ##

hostname = mybox
uname -m = i686
uname -r = 2.4.21-0.13mdk
uname -s = Linux
uname -v = #1 Fri Mar 14 15:08:06 EST 2003

/usr/bin/uname -p = unknown
/bin/uname -X     = unknown

/bin/arch              = i686
/usr/bin/arch -k       = unknown
/usr/convex/getsysinfo = unknown
hostinfo               = unknown
/bin/machine           = unknown
/usr/bin/oslevel       = unknown
/bin/universe          = unknown

PATH: /home/tuxipuxi/OpenOffice.org1.1.0/
PATH: /usr/local/j2sdk_nb/j2sdk1.4.2/bin
PATH: /usr/lib/qt3/bin
PATH: /usr/local/kde/bin/
PATH: /home/tuxipuxi/OpenOffice.org1.1.0/
PATH: /usr/local/j2sdk_nb/j2sdk1.4.2/bin
PATH: /usr/lib/qt3/bin
PATH: /usr/local/kde/bin/
PATH: /usr//bin
PATH: /bin
PATH: /usr/bin
PATH: .
PATH: /usr/local/bin
PATH: /usr/X11R6/bin
PATH: /usr/games
PATH: /home/tuxipuxi/bin


## ----------- ##
## Core tests. ##
## ----------- ##

configure:1511: checking build system type
configure:1529: result: i686-pc-linux-gnu
configure:1537: checking host system type
configure:1551: result: i686-pc-linux-gnu
configure:1559: checking target system type
configure:1573: result: i686-pc-linux-gnu
configure:1619: checking for a BSD-compatible install
configure:1673: result: /usr//bin/install -c
configure:1688: checking for -p flag to install
configure:1701: result: yes
configure:1712: checking whether build environment is sane
configure:1755: result: yes
configure:1775: checking for gawk
configure:1791: found /usr//bin/gawk
configure:1801: result: gawk
configure:1811: checking whether make sets $(MAKE)
configure:1831: result: yes
configure:2043: checking for style of include used by make
configure:2071: result: GNU
configure:2218: checking for gcc
configure:2234: found /usr//bin/gcc
configure:2244: result: gcc
configure:2488: checking for C compiler version
configure:2491: gcc --version </dev/null >&5
gcc (GCC) 3.2.2 (Mandrake Linux 9.1 3.2.2-3mdk)
Copyright (C) 2002 Free Software Foundation, Inc.
This is free software; see the source for copying conditions.  There is NO
warranty; not even for MERCHANTABILITY or FITNESS FOR A PARTICULAR PURPOSE.

configure:2494: $? = 0
configure:2496: gcc -v </dev/null >&5
Reading specs from /usr//bin/../lib/gcc-lib/i586-mandrake-linux-gnu/3.2.2/specs
Configured with: ../configure --prefix=/usr --libdir=/usr/lib --with-slibdir=/lib --mandir=/usr/share/man --infodir=/usr/share/info --enable-shared --enable-threads=posix --disable-checking --enable-long-long --enable-__cxa_atexit --enable-languages=c,c++,ada,f77,objc,java --host=i586-mandrake-linux-gnu --with-system-zlib
Thread model: posix
gcc version 3.2.2 (Mandrake Linux 9.1 3.2.2-3mdk)
configure:2499: $? = 0
configure:2501: gcc -V </dev/null >&5
gcc: argument to `-V' is missing
configure:2504: $? = 1
configure:2528: checking for C compiler default output
configure:2531: gcc     conftest.c  >&5
configure:2534: $? = 0
configure:2580: result: a.out
configure:2585: checking whether the C compiler works
configure:2591: ./a.out
configure:2594: $? = 0
configure:2611: result: yes
configure:2618: checking whether we are cross compiling
configure:2620: result: no
configure:2623: checking for suffix of executables
configure:2625: gcc -o conftest     conftest.c  >&5
configure:2628: $? = 0
configure:2653: result: 
configure:2659: checking for suffix of object files
configure:2681: gcc -c    conftest.c >&5
configure:2684: $? = 0
configure:2706: result: o
configure:2710: checking whether we are using the GNU C compiler
configure:2735: gcc -c    conftest.c >&5
configure:2738: $? = 0
configure:2741: test -s conftest.o
configure:2744: $? = 0
configure:2757: result: yes
configure:2763: checking whether gcc accepts -g
configure:2785: gcc -c -g  conftest.c >&5
configure:2788: $? = 0
configure:2791: test -s conftest.o
configure:2794: $? = 0
configure:2805: result: yes
configure:2822: checking for gcc option to accept ANSI C
configure:2883: gcc  -c    conftest.c >&5
configure:2886: $? = 0
configure:2889: test -s conftest.o
configure:2892: $? = 0
configure:2910: result: none needed
configure:2928: gcc -c    conftest.c >&5
conftest.c:2: parse error before "me"
configure:2931: $? = 1
configure: failed program was:
| #ifndef __cplusplus
|   choke me
| #endif
configure:3042: checking dependency style of gcc
configure:3104: result: gcc3
configure:3127: checking how to run the C preprocessor
configure:3163: gcc -E  conftest.c
configure:3169: $? = 0
configure:3201: gcc -E  conftest.c
conftest.c:12:28: ac_nonexistent.h: No such file or directory
configure:3207: $? = 1
configure: failed program was:
| /* #line 3192 "configure" */
| /* confdefs.h.  */
| 
| #define PACKAGE_NAME ""
| #define PACKAGE_TARNAME ""
| #define PACKAGE_VERSION ""
| #define PACKAGE_STRING ""
| #define PACKAGE_BUGREPORT ""
| #define PACKAGE "kstreamripper"
| #define VERSION "0.1"
| /* end confdefs.h.  */
| #include <ac_nonexistent.h>
configure:3245: result: gcc -E
configure:3270: gcc -E  conftest.c
configure:3276: $? = 0
configure:3308: gcc -E  conftest.c
conftest.c:12:28: ac_nonexistent.h: No such file or directory
configure:3314: $? = 1
configure: failed program was:
| /* #line 3299 "configure" */
| /* confdefs.h.  */
| 
| #define PACKAGE_NAME ""
| #define PACKAGE_TARNAME ""
| #define PACKAGE_VERSION ""
| #define PACKAGE_STRING ""
| #define PACKAGE_BUGREPORT ""
| #define PACKAGE "kstreamripper"
| #define VERSION "0.1"
| /* end confdefs.h.  */
| #include <ac_nonexistent.h>
configure:3437: checking for g++
configure:3453: found /usr//bin/g++
configure:3463: result: g++
configure:3479: checking for C++ compiler version
configure:3482: g++ --version </dev/null >&5
g++ (GCC) 3.2.2 (Mandrake Linux 9.1 3.2.2-3mdk)
Copyright (C) 2002 Free Software Foundation, Inc.
This is free software; see the source for copying conditions.  There is NO
warranty; not even for MERCHANTABILITY or FITNESS FOR A PARTICULAR PURPOSE.

configure:3485: $? = 0
configure:3487: g++ -v </dev/null >&5
Reading specs from /usr//bin/../lib/gcc-lib/i586-mandrake-linux-gnu/3.2.2/specs
Configured with: ../configure --prefix=/usr --libdir=/usr/lib --with-slibdir=/lib --mandir=/usr/share/man --infodir=/usr/share/info --enable-shared --enable-threads=posix --disable-checking --enable-long-long --enable-__cxa_atexit --enable-languages=c,c++,ada,f77,objc,java --host=i586-mandrake-linux-gnu --with-system-zlib
Thread model: posix
gcc version 3.2.2 (Mandrake Linux 9.1 3.2.2-3mdk)
configure:3490: $? = 0
configure:3492: g++ -V </dev/null >&5
g++: argument to `-V' missing

configure:3495: $? = 1
configure:3498: checking whether we are using the GNU C++ compiler
configure:3523: g++ -c  -g3 -O0  conftest.cc >&5
configure:3526: $? = 0
configure:3529: test -s conftest.o
configure:3532: $? = 0
configure:3545: result: yes
configure:3551: checking whether g++ accepts -g
configure:3573: g++ -c -g  conftest.cc >&5
configure:3576: $? = 0
configure:3579: test -s conftest.o
configure:3582: $? = 0
configure:3593: result: yes
configure:3637: g++ -c  -g3 -O0  conftest.cc >&5
configure:3640: $? = 0
configure:3643: test -s conftest.o
configure:3646: $? = 0
configure:3673: g++ -c  -g3 -O0  conftest.cc >&5
conftest.cc: In function `int main()':
conftest.cc:16: `exit' undeclared (first use this function)
conftest.cc:16: (Each undeclared identifier is reported only once for each function it appears in.)
configure:3676: $? = 1
configure: failed program was:
| /* #line 3656 "configure" */
| /* confdefs.h.  */
| 
| #define PACKAGE_NAME ""
| #define PACKAGE_TARNAME ""
| #define PACKAGE_VERSION ""
| #define PACKAGE_STRING ""
| #define PACKAGE_BUGREPORT ""
| #define PACKAGE "kstreamripper"
| #define VERSION "0.1"
| /* end confdefs.h.  */
| 
| int
| main ()
| {
| exit (42);
|   ;
|   return 0;
| }
configure:3637: g++ -c  -g3 -O0  conftest.cc >&5
configure:3640: $? = 0
configure:3643: test -s conftest.o
configure:3646: $? = 0
configure:3673: g++ -c  -g3 -O0  conftest.cc >&5
configure:3676: $? = 0
configure:3679: test -s conftest.o
configure:3682: $? = 0
configure:3707: checking dependency style of g++
configure:3769: result: gcc3
configure:4062: checking whether g++ supports -Wmissing-format-attribute
configure:4099: rm -rf SunWS_cache; g++ -o conftest -ansi -D_XOPEN_SOURCE=500 -D_BSD_SOURCE -Wcast-align -Wconversion -Wchar-subscripts -O2  -g3 -O0 -Wmissing-format-attribute   conftest.cc  1>&5
cc1plus: warning: -Wmissing-format-attribute ignored without -Wformat
configure:4102: $? = 0
configure:4105: test -s conftest
configure:4108: $? = 0
configure:4128: result: yes
configure:4143: checking whether g++ supports -Wundef
configure:4180: rm -rf SunWS_cache; g++ -o conftest -Wall -pedantic -W -Wpointer-arith -Wwrite-strings -ansi -D_XOPEN_SOURCE=500 -D_BSD_SOURCE -Wcast-align -Wconversion -Wchar-subscripts -O2  -g3 -O0 -Wformat-security -Wmissing-format-attribute -Wundef   conftest.cc  1>&5
configure:4183: $? = 0
configure:4186: test -s conftest
configure:4189: $? = 0
configure:4209: result: yes
configure:4221: checking whether g++ supports -Wno-long-long
configure:4258: rm -rf SunWS_cache; g++ -o conftest -Wundef -Wall -pedantic -W -Wpointer-arith -Wwrite-strings -ansi -D_XOPEN_SOURCE=500 -D_BSD_SOURCE -Wcast-align -Wconversion -Wchar-subscripts -O2  -g3 -O0 -Wformat-security -Wmissing-format-attribute -Wno-long-long   conftest.cc  1>&5
configure:4261: $? = 0
configure:4264: test -s conftest
configure:4267: $? = 0
configure:4287: result: yes
configure:4299: checking whether g++ supports -Wnon-virtual-dtor
configure:4336: rm -rf SunWS_cache; g++ -o conftest -Wno-long-long -Wundef -Wall -pedantic -W -Wpointer-arith -Wwrite-strings -ansi -D_XOPEN_SOURCE=500 -D_BSD_SOURCE -Wcast-align -Wconversion -Wchar-subscripts -O2  -g3 -O0 -Wformat-security -Wmissing-format-attribute -Wnon-virtual-dtor   conftest.cc  1>&5
configure:4339: $? = 0
configure:4342: test -s conftest
configure:4345: $? = 0
configure:4365: result: yes
configure:4385: checking whether g++ supports -fno-exceptions
configure:4422: rm -rf SunWS_cache; g++ -o conftest -Wnon-virtual-dtor -Wno-long-long -Wundef -Wall -pedantic -W -Wpointer-arith -Wwrite-strings -ansi -D_XOPEN_SOURCE=500 -D_BSD_SOURCE -Wcast-align -Wconversion -Wchar-subscripts -O2  -g3 -O0 -Wformat-security -Wmissing-format-attribute -fno-exceptions   conftest.cc  1>&5
configure:4425: $? = 0
configure:4428: test -s conftest
configure:4431: $? = 0
configure:4451: result: yes
configure:4463: checking whether g++ supports -fno-check-new
configure:4500: rm -rf SunWS_cache; g++ -o conftest -Wnon-virtual-dtor -Wno-long-long -Wundef -Wall -pedantic -W -Wpointer-arith -Wwrite-strings -ansi -D_XOPEN_SOURCE=500 -D_BSD_SOURCE -Wcast-align -Wconversion -Wchar-subscripts -O2  -g3 -O0 -Wformat-security -Wmissing-format-attribute -fno-exceptions -fno-check-new   conftest.cc  1>&5
configure:4503: $? = 0
configure:4506: test -s conftest
configure:4509: $? = 0
configure:4529: result: yes
configure:4541: checking whether g++ supports -fno-common
configure:4578: rm -rf SunWS_cache; g++ -o conftest -Wnon-virtual-dtor -Wno-long-long -Wundef -Wall -pedantic -W -Wpointer-arith -Wwrite-strings -ansi -D_XOPEN_SOURCE=500 -D_BSD_SOURCE -Wcast-align -Wconversion -Wchar-subscripts -O2  -g3 -O0 -Wformat-security -Wmissing-format-attribute -fno-exceptions -fno-check-new -fno-common   conftest.cc  1>&5
configure:4581: $? = 0
configure:4584: test -s conftest
configure:4587: $? = 0
configure:4607: result: yes
configure:4619: checking whether g++ supports -fexceptions
configure:4656: rm -rf SunWS_cache; g++ -o conftest -Wnon-virtual-dtor -Wno-long-long -Wundef -Wall -pedantic -W -Wpointer-arith -Wwrite-strings -ansi -D_XOPEN_SOURCE=500 -D_BSD_SOURCE -Wcast-align -Wconversion -Wchar-subscripts -O2  -g3 -O0 -Wformat-security -Wmissing-format-attribute -fno-exceptions -fno-check-new -fno-common -fexceptions   conftest.cc  1>&5
configure:4659: $? = 0
configure:4662: test -s conftest
configure:4665: $? = 0
configure:4685: result: yes
configure:5286: checking how to run the C++ preprocessor
configure:5318: g++ -E  conftest.cc
configure:5324: $? = 0
configure:5356: g++ -E  conftest.cc
conftest.cc:15:28: ac_nonexistent.h: No such file or directory
configure:5362: $? = 1
configure: failed program was:
| /* #line 5347 "configure" */
| /* confdefs.h.  */
| 
| #define PACKAGE_NAME ""
| #define PACKAGE_TARNAME ""
| #define PACKAGE_VERSION ""
| #define PACKAGE_STRING ""
| #define PACKAGE_BUGREPORT ""
| #define PACKAGE "kstreamripper"
| #define VERSION "0.1"
| #ifdef __cplusplus
| #include <stdlib.h>
| #endif
| /* end confdefs.h.  */
| #include <ac_nonexistent.h>
configure:5400: result: g++ -E
configure:5425: g++ -E  conftest.cc
configure:5431: $? = 0
configure:5463: g++ -E  conftest.cc
conftest.cc:15:28: ac_nonexistent.h: No such file or directory
configure:5469: $? = 1
configure: failed program was:
| /* #line 5454 "configure" */
| /* confdefs.h.  */
| 
| #define PACKAGE_NAME ""
| #define PACKAGE_TARNAME ""
| #define PACKAGE_VERSION ""
| #define PACKAGE_STRING ""
| #define PACKAGE_BUGREPORT ""
| #define PACKAGE "kstreamripper"
| #define VERSION "0.1"
| #ifdef __cplusplus
| #include <stdlib.h>
| #endif
| /* end confdefs.h.  */
| #include <ac_nonexistent.h>
configure:5516: checking whether g++ supports -O0
configure:5553: rm -rf SunWS_cache; g++ -o conftest -Wnon-virtual-dtor -Wno-long-long -Wundef -Wall -pedantic -W -Wpointer-arith -Wwrite-strings -ansi -D_XOPEN_SOURCE=500 -D_BSD_SOURCE -Wcast-align -Wconversion -Wchar-subscripts -O2 -g3 -O0 -Wformat-security -Wmissing-format-attribute -fno-exceptions -fno-check-new -fno-common -O0   conftest.cc  1>&5
configure:5556: $? = 0
configure:5559: test -s conftest
configure:5562: $? = 0
configure:5582: result: yes
configure:5878: result: not using lib directory suffix
configure:5934: checking for ld used by GCC
configure:5998: result: /usr//bin/ld
configure:6007: checking if the linker (/usr//bin/ld) is GNU ld
GNU ld version 2.13.90.0.18 20030121
configure:6019: result: yes
configure:6024: checking for /usr//bin/ld option to reload object files
configure:6031: result: -r
configure:6040: checking for BSD-compatible nm
configure:6075: result: /usr//bin/nm -B
configure:6079: checking for a sed that does not truncate output
configure:6155: result: 
configure:6158: checking whether ln -s works
configure:6162: result: yes
configure:6169: checking how to recognise dependant libraries
configure:6359: result: pass_all
configure:6429: gcc -c -ansi -W -Wall -pedantic -Wchar-subscripts -Wshadow -Wpointer-arith -Wmissing-prototypes -Wwrite-strings -D_XOPEN_SOURCE=500 -D_BSD_SOURCE -O2   -Wformat-security -Wmissing-format-attribute  conftest.c >&5
configure:6432: $? = 0
configure:6518: checking for egrep
configure:6528: result: grep -E
configure:6533: checking for ANSI C header files
configure:6559: gcc -c -ansi -W -Wall -pedantic -Wchar-subscripts -Wshadow -Wpointer-arith -Wmissing-prototypes -Wwrite-strings -D_XOPEN_SOURCE=500 -D_BSD_SOURCE -O2   -Wformat-security -Wmissing-format-attribute  conftest.c >&5
configure:6562: $? = 0
configure:6565: test -s conftest.o
configure:6568: $? = 0
configure:6657: gcc -o conftest -ansi -W -Wall -pedantic -Wchar-subscripts -Wshadow -Wpointer-arith -Wmissing-prototypes -Wwrite-strings -D_XOPEN_SOURCE=500 -D_BSD_SOURCE -O2   -Wformat-security -Wmissing-format-attribute   conftest.c  >&5
conftest.c: In function `main':
conftest.c:33: warning: implicit declaration of function `exit'
configure:6660: $? = 0
configure:6662: ./conftest
configure:6665: $? = 0
configure:6680: result: yes
configure:6704: checking for sys/types.h
configure:6721: gcc -c -ansi -W -Wall -pedantic -Wchar-subscripts -Wshadow -Wpointer-arith -Wmissing-prototypes -Wwrite-strings -D_XOPEN_SOURCE=500 -D_BSD_SOURCE -O2   -Wformat-security -Wmissing-format-attribute  conftest.c >&5
configure:6724: $? = 0
configure:6727: test -s conftest.o
configure:6730: $? = 0
configure:6741: result: yes
configure:6704: checking for sys/stat.h
configure:6721: gcc -c -ansi -W -Wall -pedantic -Wchar-subscripts -Wshadow -Wpointer-arith -Wmissing-prototypes -Wwrite-strings -D_XOPEN_SOURCE=500 -D_BSD_SOURCE -O2   -Wformat-security -Wmissing-format-attribute  conftest.c >&5
configure:6724: $? = 0
configure:6727: test -s conftest.o
configure:6730: $? = 0
configure:6741: result: yes
configure:6704: checking for stdlib.h
configure:6721: gcc -c -ansi -W -Wall -pedantic -Wchar-subscripts -Wshadow -Wpointer-arith -Wmissing-prototypes -Wwrite-strings -D_XOPEN_SOURCE=500 -D_BSD_SOURCE -O2   -Wformat-security -Wmissing-format-attribute  conftest.c >&5
configure:6724: $? = 0
configure:6727: test -s conftest.o
configure:6730: $? = 0
configure:6741: result: yes
configure:6704: checking for string.h
configure:6721: gcc -c -ansi -W -Wall -pedantic -Wchar-subscripts -Wshadow -Wpointer-arith -Wmissing-prototypes -Wwrite-strings -D_XOPEN_SOURCE=500 -D_BSD_SOURCE -O2   -Wformat-security -Wmissing-format-attribute  conftest.c >&5
configure:6724: $? = 0
configure:6727: test -s conftest.o
configure:6730: $? = 0
configure:6741: result: yes
configure:6704: checking for memory.h
configure:6721: gcc -c -ansi -W -Wall -pedantic -Wchar-subscripts -Wshadow -Wpointer-arith -Wmissing-prototypes -Wwrite-strings -D_XOPEN_SOURCE=500 -D_BSD_SOURCE -O2   -Wformat-security -Wmissing-format-attribute  conftest.c >&5
configure:6724: $? = 0
configure:6727: test -s conftest.o
configure:6730: $? = 0
configure:6741: result: yes
configure:6704: checking for strings.h
configure:6721: gcc -c -ansi -W -Wall -pedantic -Wchar-subscripts -Wshadow -Wpointer-arith -Wmissing-prototypes -Wwrite-strings -D_XOPEN_SOURCE=500 -D_BSD_SOURCE -O2   -Wformat-security -Wmissing-format-attribute  conftest.c >&5
configure:6724: $? = 0
configure:6727: test -s conftest.o
configure:6730: $? = 0
configure:6741: result: yes
configure:6704: checking for inttypes.h
configure:6721: gcc -c -ansi -W -Wall -pedantic -Wchar-subscripts -Wshadow -Wpointer-arith -Wmissing-prototypes -Wwrite-strings -D_XOPEN_SOURCE=500 -D_BSD_SOURCE -O2   -Wformat-security -Wmissing-format-attribute  conftest.c >&5
configure:6724: $? = 0
configure:6727: test -s conftest.o
configure:6730: $? = 0
configure:6741: result: yes
configure:6704: checking for stdint.h
configure:6721: gcc -c -ansi -W -Wall -pedantic -Wchar-subscripts -Wshadow -Wpointer-arith -Wmissing-prototypes -Wwrite-strings -D_XOPEN_SOURCE=500 -D_BSD_SOURCE -O2   -Wformat-security -Wmissing-format-attribute  conftest.c >&5
configure:6724: $? = 0
configure:6727: test -s conftest.o
configure:6730: $? = 0
configure:6741: result: yes
configure:6704: checking for unistd.h
configure:6721: gcc -c -ansi -W -Wall -pedantic -Wchar-subscripts -Wshadow -Wpointer-arith -Wmissing-prototypes -Wwrite-strings -D_XOPEN_SOURCE=500 -D_BSD_SOURCE -O2   -Wformat-security -Wmissing-format-attribute  conftest.c >&5
configure:6724: $? = 0
configure:6727: test -s conftest.o
configure:6730: $? = 0
configure:6741: result: yes
configure:6767: checking dlfcn.h usability
configure:6780: gcc -c -ansi -W -Wall -pedantic -Wchar-subscripts -Wshadow -Wpointer-arith -Wmissing-prototypes -Wwrite-strings -D_XOPEN_SOURCE=500 -D_BSD_SOURCE -O2   -Wformat-security -Wmissing-format-attribute  conftest.c >&5
configure:6783: $? = 0
configure:6786: test -s conftest.o
configure:6789: $? = 0
configure:6799: result: yes
configure:6803: checking dlfcn.h presence
configure:6814: gcc -E  conftest.c
configure:6820: $? = 0
configure:6839: result: yes
configure:6875: checking for dlfcn.h
configure:6882: result: yes
configure:6899: checking the maximum length of command line arguments
configure:6947: result: 32768
configure:6958: checking command to parse /usr//bin/nm -B output from gcc object
configure:7043: gcc -c -ansi -W -Wall -pedantic -Wchar-subscripts -Wshadow -Wpointer-arith -Wmissing-prototypes -Wwrite-strings -D_XOPEN_SOURCE=500 -D_BSD_SOURCE -O2   -Wformat-security -Wmissing-format-attribute  conftest.c >&5
conftest.c:5: warning: no previous prototype for `nm_test_func'
configure:7046: $? = 0
configure:7050: /usr//bin/nm -B conftest.o \| sed -n -e 's/^.*[ 	]\([ABCDGISTW][ABCDGISTW]*\)[ 	][ 	]*\(\)\([_A-Za-z][_A-Za-z0-9]*\)$/\1 \2\3 \3/p' \> conftest.nm
configure:7053: $? = 0
configure:7105: gcc -o conftest -ansi -W -Wall -pedantic -Wchar-subscripts -Wshadow -Wpointer-arith -Wmissing-prototypes -Wwrite-strings -D_XOPEN_SOURCE=500 -D_BSD_SOURCE -O2   -Wformat-security -Wmissing-format-attribute   conftest.c conftstm.o >&5
configure:7108: $? = 0
configure:7146: result: ok
configure:7150: checking for objdir
configure:7165: result: .libs
configure:7255: checking for ranlib
configure:7271: found /usr//bin/ranlib
configure:7282: result: ranlib
configure:7335: checking for strip
configure:7351: found /usr//bin/strip
configure:7362: result: strip
configure:7625: checking if gcc static flag  works
conftest.c:1: warning: return type defaults to `int'
configure:7648: result: no
configure:7665: checking if gcc supports -fno-rtti -fno-exceptions
cc1: warning: ignoring command line option '-fno-rtti'
cc1: warning: (it is valid for C++ but not the selected language)
cc1: warning: ignoring command line option '-fno-rtti'
cc1: warning: (it is valid for C++ but not the selected language)
configure:7689: result: no
configure:7704: checking for gcc option to produce PIC
configure:7865: result: -fPIC
configure:7872: checking if gcc PIC flag -fPIC works
configure:7896: result: yes
configure:7920: checking if gcc supports -c -o file.o
configure:7961: result: yes
configure:7987: checking whether the gcc linker (/usr//bin/ld) supports shared libraries
configure:8770: result: yes
configure:8792: checking whether -lc should be explicitly linked in
configure:8797: gcc -c -ansi -W -Wall -pedantic -Wchar-subscripts -Wshadow -Wpointer-arith -Wmissing-prototypes -Wwrite-strings -D_XOPEN_SOURCE=500 -D_BSD_SOURCE -O2   -Wformat-security -Wmissing-format-attribute  conftest.c >&5
conftest.c:1: warning: `dummy' defined but not used
configure:8800: $? = 0
configure:8814: gcc -shared conftest.o  -v -Wl,-soname -Wl,conftest -o conftest 2\>\&1 \| grep  -lc  \>/dev/null 2\>\&1
configure:8817: $? = 0
configure:8829: result: no
configure:8835: checking how to hardcode library paths into programs
configure:8859: result: immediate
configure:8873: checking whether stripping libraries is possible
configure:8878: result: yes
configure:8885: checking dynamic linker characteristics
configure:9337: result: GNU/Linux ld.so
configure:9990: checking if libtool supports shared libraries
configure:9992: result: yes
configure:9995: checking whether to build shared libraries
configure:10016: result: yes
configure:10019: checking whether to build static libraries
configure:10023: result: no
configure:10102: creating libtool
configure:10827: checking whether the g++ linker (/usr//bin/ld) supports shared libraries
configure:11492: result: yes
configure:11509: g++ -c -Wnon-virtual-dtor -Wno-long-long -Wundef -Wall -pedantic -W -Wpointer-arith -Wwrite-strings -ansi -D_XOPEN_SOURCE=500 -D_BSD_SOURCE -Wcast-align -Wconversion -Wchar-subscripts -O2 -g3 -O0 -Wformat-security -Wmissing-format-attribute -fno-exceptions -fno-check-new -fno-common  conftest.cc >&5
configure:11512: $? = 0
configure:11612: checking for g++ option to produce PIC
configure:11854: result: -fPIC
configure:11861: checking if g++ PIC flag -fPIC works
configure:11885: result: yes
configure:11909: checking if g++ supports -c -o file.o
configure:11950: result: yes
configure:11976: checking whether the g++ linker (/usr//bin/ld) supports shared libraries
configure:11998: result: yes
configure:12020: checking whether -lc should be explicitly linked in
configure:12025: g++ -c -Wnon-virtual-dtor -Wno-long-long -Wundef -Wall -pedantic -W -Wpointer-arith -Wwrite-strings -ansi -D_XOPEN_SOURCE=500 -D_BSD_SOURCE -Wcast-align -Wconversion -Wchar-subscripts -O2 -g3 -O0 -Wformat-security -Wmissing-format-attribute -fno-exceptions -fno-check-new -fno-common  conftest.cc >&5
conftest.cc:1: warning: `int dummy' defined but not used
configure:12028: $? = 0
configure:12042: g++ -shared -nostdlib  conftest.o   -v -Wl,-soname -Wl,conftest -o conftest 2\>\&1 \| grep  -lc  \>/dev/null 2\>\&1
configure:12045: $? = 1
configure:12057: result: yes
configure:12063: checking how to hardcode library paths into programs
configure:12087: result: immediate
configure:12101: checking whether stripping libraries is possible
configure:12106: result: yes
configure:12113: checking dynamic linker characteristics
configure:12565: result: GNU/Linux ld.so
configure:13634: checking if gcj supports -fno-rtti -fno-exceptions
configure:13658: result: no
configure:13673: checking for gcj option to produce PIC
configure:13834: result: -fPIC
configure:13841: checking if gcj PIC flag -fPIC works
configure:13865: result: no
configure:13889: checking if gcj supports -c -o file.o
configure:13930: result: no
configure:13956: checking whether the gcj linker (/usr//bin/ld) supports shared libraries
configure:14739: result: yes
configure:14761: checking whether -lc should be explicitly linked in
configure:14766: gcj -c -ansi -W -Wall -pedantic -Wchar-subscripts -Wshadow -Wpointer-arith -Wmissing-prototypes -Wwrite-strings -D_XOPEN_SOURCE=500 -D_BSD_SOURCE -O2   -Wformat-security -Wmissing-format-attribute  conftest.java >&5
./configure: line 1: gcj: command not found
configure:14769: $? = 127
configure:14798: result: yes
configure:14804: checking how to hardcode library paths into programs
configure:14828: result: immediate
configure:14842: checking whether stripping libraries is possible
configure:14847: result: yes
configure:14854: checking dynamic linker characteristics
configure:15306: result: GNU/Linux ld.so
configure:16851: checking for msgfmt
configure:16878: result: /usr//bin/msgfmt
configure:16887: checking for gmsgfmt
configure:16918: result: /usr//bin/msgfmt
configure:16937: checking for xgettext
configure:16964: result: /usr//bin/xgettext
configure:17058: checking for strlcat
configure:17107: g++ -c -Wnon-virtual-dtor -Wno-long-long -Wundef -Wall -pedantic -W -Wpointer-arith -Wwrite-strings -ansi -D_XOPEN_SOURCE=500 -D_BSD_SOURCE -Wcast-align -Wconversion -Wchar-subscripts -O2 -g3 -O0 -Wformat-security -Wmissing-format-attribute -fno-exceptions -fno-check-new -fno-common -pedantic-errors  conftest.cc >&5
conftest.cc: In function `int main()':
conftest.cc:38: `strlcat' undeclared (first use this function)
conftest.cc:38: (Each undeclared identifier is reported only once for each function it appears in.)
configure:17110: $? = 1
configure: failed program was:
| /* #line 17081 "configure" */
| /* confdefs.h.  */
| 
| #define PACKAGE_NAME ""
| #define PACKAGE_TARNAME ""
| #define PACKAGE_VERSION ""
| #define PACKAGE_STRING ""
| #define PACKAGE_BUGREPORT ""
| #define PACKAGE "kstreamripper"
| #define VERSION "0.1"
| #ifdef __cplusplus
| #include <stdlib.h>
| #endif
| #define KDELIBSUFF ""
| #define STDC_HEADERS 1
| #define HAVE_SYS_TYPES_H 1
| #define HAVE_SYS_STAT_H 1
| #define HAVE_STDLIB_H 1
| #define HAVE_STRING_H 1
| #define HAVE_MEMORY_H 1
| #define HAVE_STRINGS_H 1
| #define HAVE_INTTYPES_H 1
| #define HAVE_STDINT_H 1
| #define HAVE_UNISTD_H 1
| #define HAVE_DLFCN_H 1
| /* end confdefs.h.  */
| 
| 
| #include <string.h>
| 
| 
| int
| main ()
| {
| 
|  char buf[20];
|   buf[0]='\0';
|   strlcat(buf, "KDE function test", sizeof(buf));
| 
| 
|   ;
|   return 0;
| }
configure:17138: result: no
configure:17141: checking if strlcat needs custom prototype
configure:17235: result: yes - in libkdefakes
configure:17260: checking for strlcpy
configure:17308: g++ -c -Wnon-virtual-dtor -Wno-long-long -Wundef -Wall -pedantic -W -Wpointer-arith -Wwrite-strings -ansi -D_XOPEN_SOURCE=500 -D_BSD_SOURCE -Wcast-align -Wconversion -Wchar-subscripts -O2 -g3 -O0 -Wformat-security -Wmissing-format-attribute -fno-exceptions -fno-check-new -fno-common -pedantic-errors  conftest.cc >&5
conftest.cc: In function `int main()':
conftest.cc:37: `strlcpy' undeclared (first use this function)
conftest.cc:37: (Each undeclared identifier is reported only once for each function it appears in.)
configure:17311: $? = 1
configure: failed program was:
| /* #line 17283 "configure" */
| /* confdefs.h.  */
| 
| #define PACKAGE_NAME ""
| #define PACKAGE_TARNAME ""
| #define PACKAGE_VERSION ""
| #define PACKAGE_STRING ""
| #define PACKAGE_BUGREPORT ""
| #define PACKAGE "kstreamripper"
| #define VERSION "0.1"
| #ifdef __cplusplus
| #include <stdlib.h>
| #endif
| #define KDELIBSUFF ""
| #define STDC_HEADERS 1
| #define HAVE_SYS_TYPES_H 1
| #define HAVE_SYS_STAT_H 1
| #define HAVE_STDLIB_H 1
| #define HAVE_STRING_H 1
| #define HAVE_MEMORY_H 1
| #define HAVE_STRINGS_H 1
| #define HAVE_INTTYPES_H 1
| #define HAVE_STDINT_H 1
| #define HAVE_UNISTD_H 1
| #define HAVE_DLFCN_H 1
| /* end confdefs.h.  */
| 
| 
| #include <string.h>
| 
| 
| int
| main ()
| {
| 
|  char buf[20];
|   strlcpy(buf, "KDE function test", sizeof(buf));
| 
| 
|   ;
|   return 0;
| }
configure:17339: result: no
configure:17342: checking if strlcpy needs custom prototype
configure:17435: result: yes - in libkdefakes
configure:17465: checking for main in -lutil
configure:17490: gcc -o conftest -ansi -W -Wall -pedantic -Wchar-subscripts -Wshadow -Wpointer-arith -Wmissing-prototypes -Wwrite-strings -D_XOPEN_SOURCE=500 -D_BSD_SOURCE -O2   -Wformat-security -Wmissing-format-attribute   conftest.c -lutil   >&5
configure:17493: $? = 0
configure:17496: test -s conftest
configure:17499: $? = 0
configure:17511: result: yes
configure:17517: checking for main in -lcompat
configure:17542: gcc -o conftest -ansi -W -Wall -pedantic -Wchar-subscripts -Wshadow -Wpointer-arith -Wmissing-prototypes -Wwrite-strings -D_XOPEN_SOURCE=500 -D_BSD_SOURCE -O2   -Wformat-security -Wmissing-format-attribute   conftest.c -lcompat   >&5
/usr//bin/ld: cannot find -lcompat
collect2: ld returned 1 exit status
configure:17545: $? = 1
configure: failed program was:
| /* #line 17524 "configure" */
| /* confdefs.h.  */
| 
| #define PACKAGE_NAME ""
| #define PACKAGE_TARNAME ""
| #define PACKAGE_VERSION ""
| #define PACKAGE_STRING ""
| #define PACKAGE_BUGREPORT ""
| #define PACKAGE "kstreamripper"
| #define VERSION "0.1"
| #ifdef __cplusplus
| #include <stdlib.h>
| #endif
| #define KDELIBSUFF ""
| #define STDC_HEADERS 1
| #define HAVE_SYS_TYPES_H 1
| #define HAVE_SYS_STAT_H 1
| #define HAVE_STDLIB_H 1
| #define HAVE_STRING_H 1
| #define HAVE_MEMORY_H 1
| #define HAVE_STRINGS_H 1
| #define HAVE_INTTYPES_H 1
| #define HAVE_STDINT_H 1
| #define HAVE_UNISTD_H 1
| #define HAVE_DLFCN_H 1
| /* end confdefs.h.  */
| 
| 
| int
| main ()
| {
| main ();
|   ;
|   return 0;
| }
configure:17563: result: no
configure:17570: checking for crypt in -lcrypt
configure:17601: gcc -o conftest -ansi -W -Wall -pedantic -Wchar-subscripts -Wshadow -Wpointer-arith -Wmissing-prototypes -Wwrite-strings -D_XOPEN_SOURCE=500 -D_BSD_SOURCE -O2   -Wformat-security -Wmissing-format-attribute   conftest.c -lcrypt   >&5
configure:17604: $? = 0
configure:17607: test -s conftest
configure:17610: $? = 0
configure:17622: result: yes
configure:17706: checking for socklen_t
configure:17746: g++ -c -Wnon-virtual-dtor -Wno-long-long -Wundef -Wall -pedantic -W -Wpointer-arith -Wwrite-strings -ansi -D_XOPEN_SOURCE=500 -D_BSD_SOURCE -Wcast-align -Wconversion -Wchar-subscripts -O2 -g3 -O0 -Wformat-security -Wmissing-format-attribute -fno-exceptions -fno-check-new -fno-common  conftest.cc >&5
configure:17749: $? = 0
configure:17752: test -s conftest.o
configure:17755: $? = 0
configure:17818: result: socklen_t
configure:17840: checking for dnet_ntoa in -ldnet
configure:17871: gcc -o conftest -ansi -W -Wall -pedantic -Wchar-subscripts -Wshadow -Wpointer-arith -Wmissing-prototypes -Wwrite-strings -D_XOPEN_SOURCE=500 -D_BSD_SOURCE -O2   -Wformat-security -Wmissing-format-attribute   conftest.c -ldnet   >&5
/usr//bin/ld: cannot find -ldnet
collect2: ld returned 1 exit status
configure:17874: $? = 1
configure: failed program was:
| /* #line 17847 "configure" */
| /* confdefs.h.  */
| 
| #define PACKAGE_NAME ""
| #define PACKAGE_TARNAME ""
| #define PACKAGE_VERSION ""
| #define PACKAGE_STRING ""
| #define PACKAGE_BUGREPORT ""
| #define PACKAGE "kstreamripper"
| #define VERSION "0.1"
| #ifdef __cplusplus
| #include <stdlib.h>
| #endif
| #define KDELIBSUFF ""
| #define STDC_HEADERS 1
| #define HAVE_SYS_TYPES_H 1
| #define HAVE_SYS_STAT_H 1
| #define HAVE_STDLIB_H 1
| #define HAVE_STRING_H 1
| #define HAVE_MEMORY_H 1
| #define HAVE_STRINGS_H 1
| #define HAVE_INTTYPES_H 1
| #define HAVE_STDINT_H 1
| #define HAVE_UNISTD_H 1
| #define HAVE_DLFCN_H 1
| #define HAVE_CRYPT 1
| #define ksize_t socklen_t
| /* end confdefs.h.  */
| 
| /* Override any gcc2 internal prototype to avoid an error.  */
| #ifdef __cplusplus
| extern "C"
| #endif
| /* We use char because int might match the return type of a gcc2
|    builtin and then its argument prototype would still apply.  */
| char dnet_ntoa ();
| int
| main ()
| {
| dnet_ntoa ();
|   ;
|   return 0;
| }
configure:17892: result: no
configure:17899: checking for dnet_ntoa in -ldnet_stub
configure:17930: gcc -o conftest -ansi -W -Wall -pedantic -Wchar-subscripts -Wshadow -Wpointer-arith -Wmissing-prototypes -Wwrite-strings -D_XOPEN_SOURCE=500 -D_BSD_SOURCE -O2   -Wformat-security -Wmissing-format-attribute   conftest.c -ldnet_stub   >&5
/usr//bin/ld: cannot find -ldnet_stub
collect2: ld returned 1 exit status
configure:17933: $? = 1
configure: failed program was:
| /* #line 17906 "configure" */
| /* confdefs.h.  */
| 
| #define PACKAGE_NAME ""
| #define PACKAGE_TARNAME ""
| #define PACKAGE_VERSION ""
| #define PACKAGE_STRING ""
| #define PACKAGE_BUGREPORT ""
| #define PACKAGE "kstreamripper"
| #define VERSION "0.1"
| #ifdef __cplusplus
| #include <stdlib.h>
| #endif
| #define KDELIBSUFF ""
| #define STDC_HEADERS 1
| #define HAVE_SYS_TYPES_H 1
| #define HAVE_SYS_STAT_H 1
| #define HAVE_STDLIB_H 1
| #define HAVE_STRING_H 1
| #define HAVE_MEMORY_H 1
| #define HAVE_STRINGS_H 1
| #define HAVE_INTTYPES_H 1
| #define HAVE_STDINT_H 1
| #define HAVE_UNISTD_H 1
| #define HAVE_DLFCN_H 1
| #define HAVE_CRYPT 1
| #define ksize_t socklen_t
| /* end confdefs.h.  */
| 
| /* Override any gcc2 internal prototype to avoid an error.  */
| #ifdef __cplusplus
| extern "C"
| #endif
| /* We use char because int might match the return type of a gcc2
|    builtin and then its argument prototype would still apply.  */
| char dnet_ntoa ();
| int
| main ()
| {
| dnet_ntoa ();
|   ;
|   return 0;
| }
configure:17951: result: no
configure:17958: checking for inet_ntoa
configure:18008: gcc -o conftest -ansi -W -Wall -pedantic -Wchar-subscripts -Wshadow -Wpointer-arith -Wmissing-prototypes -Wwrite-strings -D_XOPEN_SOURCE=500 -D_BSD_SOURCE -O2   -Wformat-security -Wmissing-format-attribute   conftest.c  >&5
configure:18011: $? = 0
configure:18014: test -s conftest
configure:18017: $? = 0
configure:18028: result: yes
configure:18091: checking for connect
configure:18141: gcc -o conftest -ansi -W -Wall -pedantic -Wchar-subscripts -Wshadow -Wpointer-arith -Wmissing-prototypes -Wwrite-strings -D_XOPEN_SOURCE=500 -D_BSD_SOURCE -O2   -Wformat-security -Wmissing-format-attribute   conftest.c  >&5
configure:18144: $? = 0
configure:18147: test -s conftest
configure:18150: $? = 0
configure:18161: result: yes
configure:18225: checking for remove
configure:18275: gcc -o conftest -ansi -W -Wall -pedantic -Wchar-subscripts -Wshadow -Wpointer-arith -Wmissing-prototypes -Wwrite-strings -D_XOPEN_SOURCE=500 -D_BSD_SOURCE -O2   -Wformat-security -Wmissing-format-attribute   conftest.c  >&5
configure:18278: $? = 0
configure:18281: test -s conftest
configure:18284: $? = 0
configure:18295: result: yes
configure:18360: checking for shmat
configure:18410: gcc -o conftest -ansi -W -Wall -pedantic -Wchar-subscripts -Wshadow -Wpointer-arith -Wmissing-prototypes -Wwrite-strings -D_XOPEN_SOURCE=500 -D_BSD_SOURCE -O2   -Wformat-security -Wmissing-format-attribute   conftest.c  >&5
configure:18413: $? = 0
configure:18416: test -s conftest
configure:18419: $? = 0
configure:18430: result: yes
configure:18503: checking for sys/types.h
configure:18508: result: yes
configure:18503: checking for stdint.h
configure:18508: result: yes
configure:18642: checking for poll in -lpoll
configure:18673: gcc -o conftest -ansi -W -Wall -pedantic -Wchar-subscripts -Wshadow -Wpointer-arith -Wmissing-prototypes -Wwrite-strings -D_XOPEN_SOURCE=500 -D_BSD_SOURCE -O2   -Wformat-security -Wmissing-format-attribute   conftest.c -lpoll   >&5
/usr//bin/ld: cannot find -lpoll
collect2: ld returned 1 exit status
configure:18676: $? = 1
configure: failed program was:
| /* #line 18649 "configure" */
| /* confdefs.h.  */
| 
| #define PACKAGE_NAME ""
| #define PACKAGE_TARNAME ""
| #define PACKAGE_VERSION ""
| #define PACKAGE_STRING ""
| #define PACKAGE_BUGREPORT ""
| #define PACKAGE "kstreamripper"
| #define VERSION "0.1"
| #ifdef __cplusplus
| #include <stdlib.h>
| #endif
| #define KDELIBSUFF ""
| #define STDC_HEADERS 1
| #define HAVE_SYS_TYPES_H 1
| #define HAVE_SYS_STAT_H 1
| #define HAVE_STDLIB_H 1
| #define HAVE_STRING_H 1
| #define HAVE_MEMORY_H 1
| #define HAVE_STRINGS_H 1
| #define HAVE_INTTYPES_H 1
| #define HAVE_STDINT_H 1
| #define HAVE_UNISTD_H 1
| #define HAVE_DLFCN_H 1
| #define HAVE_CRYPT 1
| #define ksize_t socklen_t
| #define HAVE_SYS_TYPES_H 1
| #define HAVE_STDINT_H 1
| /* end confdefs.h.  */
| 
| /* Override any gcc2 internal prototype to avoid an error.  */
| #ifdef __cplusplus
| extern "C"
| #endif
| /* We use char because int might match the return type of a gcc2
|    builtin and then its argument prototype would still apply.  */
| char poll ();
| int
| main ()
| {
| poll ();
|   ;
|   return 0;
| }
configure:18694: result: no
configure:18712: checking CoreAudio/CoreAudio.h usability
configure:18725: gcc -c -ansi -W -Wall -pedantic -Wchar-subscripts -Wshadow -Wpointer-arith -Wmissing-prototypes -Wwrite-strings -D_XOPEN_SOURCE=500 -D_BSD_SOURCE -O2   -Wformat-security -Wmissing-format-attribute  conftest.c >&5
conftest.c:65:33: CoreAudio/CoreAudio.h: No such file or directory
configure:18728: $? = 1
configure: failed program was:
| /* #line 18714 "configure" */
| /* confdefs.h.  */
| 
| #define PACKAGE_NAME ""
| #define PACKAGE_TARNAME ""
| #define PACKAGE_VERSION ""
| #define PACKAGE_STRING ""
| #define PACKAGE_BUGREPORT ""
| #define PACKAGE "kstreamripper"
| #define VERSION "0.1"
| #ifdef __cplusplus
| #include <stdlib.h>
| #endif
| #define KDELIBSUFF ""
| #define STDC_HEADERS 1
| #define HAVE_SYS_TYPES_H 1
| #define HAVE_SYS_STAT_H 1
| #define HAVE_STDLIB_H 1
| #define HAVE_STRING_H 1
| #define HAVE_MEMORY_H 1
| #define HAVE_STRINGS_H 1
| #define HAVE_INTTYPES_H 1
| #define HAVE_STDINT_H 1
| #define HAVE_UNISTD_H 1
| #define HAVE_DLFCN_H 1
| #define HAVE_CRYPT 1
| #define ksize_t socklen_t
| #define HAVE_SYS_TYPES_H 1
| #define HAVE_STDINT_H 1
| /* end confdefs.h.  */
| #include <stdio.h>
| #if HAVE_SYS_TYPES_H
| # include <sys/types.h>
| #endif
| #if HAVE_SYS_STAT_H
| # include <sys/stat.h>
| #endif
| #if STDC_HEADERS
| # include <stdlib.h>
| # include <stddef.h>
| #else
| # if HAVE_STDLIB_H
| #  include <stdlib.h>
| # endif
| #endif
| #if HAVE_STRING_H
| # if !STDC_HEADERS && HAVE_MEMORY_H
| #  include <memory.h>
| # endif
| # include <string.h>
| #endif
| #if HAVE_STRINGS_H
| # include <strings.h>
| #endif
| #if HAVE_INTTYPES_H
| # include <inttypes.h>
| #else
| # if HAVE_STDINT_H
| #  include <stdint.h>
| # endif
| #endif
| #if HAVE_UNISTD_H
| # include <unistd.h>
| #endif
| #include <CoreAudio/CoreAudio.h>
configure:18744: result: no
configure:18748: checking CoreAudio/CoreAudio.h presence
configure:18759: gcc -E  conftest.c
conftest.c:31:33: CoreAudio/CoreAudio.h: No such file or directory
configure:18765: $? = 1
configure: failed program was:
| /* #line 18750 "configure" */
| /* confdefs.h.  */
| 
| #define PACKAGE_NAME ""
| #define PACKAGE_TARNAME ""
| #define PACKAGE_VERSION ""
| #define PACKAGE_STRING ""
| #define PACKAGE_BUGREPORT ""
| #define PACKAGE "kstreamripper"
| #define VERSION "0.1"
| #ifdef __cplusplus
| #include <stdlib.h>
| #endif
| #define KDELIBSUFF ""
| #define STDC_HEADERS 1
| #define HAVE_SYS_TYPES_H 1
| #define HAVE_SYS_STAT_H 1
| #define HAVE_STDLIB_H 1
| #define HAVE_STRING_H 1
| #define HAVE_MEMORY_H 1
| #define HAVE_STRINGS_H 1
| #define HAVE_INTTYPES_H 1
| #define HAVE_STDINT_H 1
| #define HAVE_UNISTD_H 1
| #define HAVE_DLFCN_H 1
| #define HAVE_CRYPT 1
| #define ksize_t socklen_t
| #define HAVE_SYS_TYPES_H 1
| #define HAVE_STDINT_H 1
| /* end confdefs.h.  */
| #include <CoreAudio/CoreAudio.h>
configure:18784: result: no
configure:18820: checking for CoreAudio/CoreAudio.h
configure:18827: result: no
configure:18845: checking if res_init needs -lresolv
configure:18873: gcc -o conftest -ansi -W -Wall -pedantic -Wchar-subscripts -Wshadow -Wpointer-arith -Wmissing-prototypes -Wwrite-strings -D_XOPEN_SOURCE=500 -D_BSD_SOURCE -O2   -Wformat-security -Wmissing-format-attribute   conftest.c   -lresolv >&5
configure:18876: $? = 0
configure:18879: test -s conftest
configure:18882: $? = 0
configure:18886: result: yes
configure:18906: checking if res_init is available
configure:18932: gcc -c -ansi -W -Wall -pedantic -Wchar-subscripts -Wshadow -Wpointer-arith -Wmissing-prototypes -Wwrite-strings -D_XOPEN_SOURCE=500 -D_BSD_SOURCE -O2   -Wformat-security -Wmissing-format-attribute  conftest.c >&5
configure:18935: $? = 0
configure:18938: test -s conftest.o
configure:18941: $? = 0
configure:18944: result: yes
configure:18967: checking for killpg in -lucb
configure:18998: gcc -o conftest -ansi -W -Wall -pedantic -Wchar-subscripts -Wshadow -Wpointer-arith -Wmissing-prototypes -Wwrite-strings -D_XOPEN_SOURCE=500 -D_BSD_SOURCE -O2   -Wformat-security -Wmissing-format-attribute   conftest.c -lucb   >&5
/usr//bin/ld: cannot find -lucb
collect2: ld returned 1 exit status
configure:19001: $? = 1
configure: failed program was:
| /* #line 18974 "configure" */
| /* confdefs.h.  */
| 
| #define PACKAGE_NAME ""
| #define PACKAGE_TARNAME ""
| #define PACKAGE_VERSION ""
| #define PACKAGE_STRING ""
| #define PACKAGE_BUGREPORT ""
| #define PACKAGE "kstreamripper"
| #define VERSION "0.1"
| #ifdef __cplusplus
| #include <stdlib.h>
| #endif
| #define KDELIBSUFF ""
| #define STDC_HEADERS 1
| #define HAVE_SYS_TYPES_H 1
| #define HAVE_SYS_STAT_H 1
| #define HAVE_STDLIB_H 1
| #define HAVE_STRING_H 1
| #define HAVE_MEMORY_H 1
| #define HAVE_STRINGS_H 1
| #define HAVE_INTTYPES_H 1
| #define HAVE_STDINT_H 1
| #define HAVE_UNISTD_H 1
| #define HAVE_DLFCN_H 1
| #define HAVE_CRYPT 1
| #define ksize_t socklen_t
| #define HAVE_SYS_TYPES_H 1
| #define HAVE_STDINT_H 1
| #define HAVE_RES_INIT 1
| #define HAVE_RES_INIT 1
| /* end confdefs.h.  */
| 
| /* Override any gcc2 internal prototype to avoid an error.  */
| #ifdef __cplusplus
| extern "C"
| #endif
| /* We use char because int might match the return type of a gcc2
|    builtin and then its argument prototype would still apply.  */
| char killpg ();
| int
| main ()
| {
| killpg ();
|   ;
|   return 0;
| }
configure:19019: result: no
configure:19092: checking for int
configure:19117: gcc -c -ansi -W -Wall -pedantic -Wchar-subscripts -Wshadow -Wpointer-arith -Wmissing-prototypes -Wwrite-strings -D_XOPEN_SOURCE=500 -D_BSD_SOURCE -O2   -Wformat-security -Wmissing-format-attribute  conftest.c >&5
configure:19120: $? = 0
configure:19123: test -s conftest.o
configure:19126: $? = 0
configure:19137: result: yes
configure:19140: checking size of int
configure:19415: gcc -o conftest -ansi -W -Wall -pedantic -Wchar-subscripts -Wshadow -Wpointer-arith -Wmissing-prototypes -Wwrite-strings -D_XOPEN_SOURCE=500 -D_BSD_SOURCE -O2   -Wformat-security -Wmissing-format-attribute   conftest.c  >&5
conftest.c:67: warning: no previous prototype for `longval'
conftest.c:68: warning: no previous prototype for `ulongval'
configure:19418: $? = 0
configure:19420: ./conftest
configure:19423: $? = 0
configure:19446: result: 4
configure:19452: checking for long
configure:19477: gcc -c -ansi -W -Wall -pedantic -Wchar-subscripts -Wshadow -Wpointer-arith -Wmissing-prototypes -Wwrite-strings -D_XOPEN_SOURCE=500 -D_BSD_SOURCE -O2   -Wformat-security -Wmissing-format-attribute  conftest.c >&5
configure:19480: $? = 0
configure:19483: test -s conftest.o
configure:19486: $? = 0
configure:19497: result: yes
configure:19500: checking size of long
configure:19775: gcc -o conftest -ansi -W -Wall -pedantic -Wchar-subscripts -Wshadow -Wpointer-arith -Wmissing-prototypes -Wwrite-strings -D_XOPEN_SOURCE=500 -D_BSD_SOURCE -O2   -Wformat-security -Wmissing-format-attribute   conftest.c  >&5
conftest.c:68: warning: no previous prototype for `longval'
conftest.c:69: warning: no previous prototype for `ulongval'
configure:19778: $? = 0
configure:19780: ./conftest
configure:19783: $? = 0
configure:19806: result: 4
configure:19812: checking for char *
configure:19837: gcc -c -ansi -W -Wall -pedantic -Wchar-subscripts -Wshadow -Wpointer-arith -Wmissing-prototypes -Wwrite-strings -D_XOPEN_SOURCE=500 -D_BSD_SOURCE -O2   -Wformat-security -Wmissing-format-attribute  conftest.c >&5
configure:19840: $? = 0
configure:19843: test -s conftest.o
configure:19846: $? = 0
configure:19857: result: yes
configure:19860: checking size of char *
configure:20135: gcc -o conftest -ansi -W -Wall -pedantic -Wchar-subscripts -Wshadow -Wpointer-arith -Wmissing-prototypes -Wwrite-strings -D_XOPEN_SOURCE=500 -D_BSD_SOURCE -O2   -Wformat-security -Wmissing-format-attribute   conftest.c  >&5
conftest.c:69: warning: no previous prototype for `longval'
conftest.c:70: warning: no previous prototype for `ulongval'
configure:20138: $? = 0
configure:20140: ./conftest
configure:20143: $? = 0
configure:20166: result: 4
configure:20174: checking for dlopen in -ldl
configure:20205: gcc -o conftest -ansi -W -Wall -pedantic -Wchar-subscripts -Wshadow -Wpointer-arith -Wmissing-prototypes -Wwrite-strings -D_XOPEN_SOURCE=500 -D_BSD_SOURCE -O2   -Wformat-security -Wmissing-format-attribute   conftest.c -ldl   >&5
configure:20208: $? = 0
configure:20211: test -s conftest
configure:20214: $? = 0
configure:20226: result: yes
configure:20236: checking for shl_unload in -ldld
configure:20267: gcc -o conftest -ansi -W -Wall -pedantic -Wchar-subscripts -Wshadow -Wpointer-arith -Wmissing-prototypes -Wwrite-strings -D_XOPEN_SOURCE=500 -D_BSD_SOURCE -O2   -Wformat-security -Wmissing-format-attribute   conftest.c -ldld   >&5
/usr//bin/ld: cannot find -ldld
collect2: ld returned 1 exit status
configure:20270: $? = 1
configure: failed program was:
| /* #line 20243 "configure" */
| /* confdefs.h.  */
| 
| #define PACKAGE_NAME ""
| #define PACKAGE_TARNAME ""
| #define PACKAGE_VERSION ""
| #define PACKAGE_STRING ""
| #define PACKAGE_BUGREPORT ""
| #define PACKAGE "kstreamripper"
| #define VERSION "0.1"
| #ifdef __cplusplus
| #include <stdlib.h>
| #endif
| #define KDELIBSUFF ""
| #define STDC_HEADERS 1
| #define HAVE_SYS_TYPES_H 1
| #define HAVE_SYS_STAT_H 1
| #define HAVE_STDLIB_H 1
| #define HAVE_STRING_H 1
| #define HAVE_MEMORY_H 1
| #define HAVE_STRINGS_H 1
| #define HAVE_INTTYPES_H 1
| #define HAVE_STDINT_H 1
| #define HAVE_UNISTD_H 1
| #define HAVE_DLFCN_H 1
| #define HAVE_CRYPT 1
| #define ksize_t socklen_t
| #define HAVE_SYS_TYPES_H 1
| #define HAVE_STDINT_H 1
| #define HAVE_RES_INIT 1
| #define HAVE_RES_INIT 1
| #define SIZEOF_INT 4
| #define SIZEOF_LONG 4
| #define SIZEOF_CHAR_P 4
| /* end confdefs.h.  */
| 
| /* Override any gcc2 internal prototype to avoid an error.  */
| #ifdef __cplusplus
| extern "C"
| #endif
| /* We use char because int might match the return type of a gcc2
|    builtin and then its argument prototype would still apply.  */
| char shl_unload ();
| int
| main ()
| {
| shl_unload ();
|   ;
|   return 0;
| }
configure:20288: result: no
configure:20303: checking for size_t
configure:20328: gcc -c -ansi -W -Wall -pedantic -Wchar-subscripts -Wshadow -Wpointer-arith -Wmissing-prototypes -Wwrite-strings -D_XOPEN_SOURCE=500 -D_BSD_SOURCE -O2   -Wformat-security -Wmissing-format-attribute  conftest.c >&5
configure:20331: $? = 0
configure:20334: test -s conftest.o
configure:20337: $? = 0
configure:20348: result: yes
configure:20351: checking size of size_t
configure:20626: gcc -o conftest -ansi -W -Wall -pedantic -Wchar-subscripts -Wshadow -Wpointer-arith -Wmissing-prototypes -Wwrite-strings -D_XOPEN_SOURCE=500 -D_BSD_SOURCE -O2   -Wformat-security -Wmissing-format-attribute   conftest.c  >&5
conftest.c:70: warning: no previous prototype for `longval'
conftest.c:71: warning: no previous prototype for `ulongval'
configure:20629: $? = 0
configure:20631: ./conftest
configure:20634: $? = 0
configure:20657: result: 4
configure:20664: checking for unsigned long
configure:20689: gcc -c -ansi -W -Wall -pedantic -Wchar-subscripts -Wshadow -Wpointer-arith -Wmissing-prototypes -Wwrite-strings -D_XOPEN_SOURCE=500 -D_BSD_SOURCE -O2   -Wformat-security -Wmissing-format-attribute  conftest.c >&5
configure:20692: $? = 0
configure:20695: test -s conftest.o
configure:20698: $? = 0
configure:20709: result: yes
configure:20712: checking size of unsigned long
configure:20987: gcc -o conftest -ansi -W -Wall -pedantic -Wchar-subscripts -Wshadow -Wpointer-arith -Wmissing-prototypes -Wwrite-strings -D_XOPEN_SOURCE=500 -D_BSD_SOURCE -O2   -Wformat-security -Wmissing-format-attribute   conftest.c  >&5
conftest.c:71: warning: no previous prototype for `longval'
conftest.c:72: warning: no previous prototype for `ulongval'
configure:20990: $? = 0
configure:20992: ./conftest
configure:20995: $? = 0
configure:21018: result: 4
configure:21026: checking sizeof size_t == sizeof unsigned long
configure:21049: gcc -c -ansi -W -Wall -pedantic -Wchar-subscripts -Wshadow -Wpointer-arith -Wmissing-prototypes -Wwrite-strings -D_XOPEN_SOURCE=500 -D_BSD_SOURCE -O2   -Wformat-security -Wmissing-format-attribute  conftest.c >&5
configure:21052: $? = 0
configure:21055: test -s conftest.o
configure:21058: $? = 0
configure:21060: result: yes
configure:21098: checking crt_externs.h usability
configure:21111: gcc -c -ansi -W -Wall -pedantic -Wchar-subscripts -Wshadow -Wpointer-arith -Wmissing-prototypes -Wwrite-strings -D_XOPEN_SOURCE=500 -D_BSD_SOURCE -O2   -Wformat-security -Wmissing-format-attribute  conftest.c >&5
conftest.c:72:25: crt_externs.h: No such file or directory
configure:21114: $? = 1
configure: failed program was:
| /* #line 21100 "configure" */
| /* confdefs.h.  */
| 
| #define PACKAGE_NAME ""
| #define PACKAGE_TARNAME ""
| #define PACKAGE_VERSION ""
| #define PACKAGE_STRING ""
| #define PACKAGE_BUGREPORT ""
| #define PACKAGE "kstreamripper"
| #define VERSION "0.1"
| #ifdef __cplusplus
| #include <stdlib.h>
| #endif
| #define KDELIBSUFF ""
| #define STDC_HEADERS 1
| #define HAVE_SYS_TYPES_H 1
| #define HAVE_SYS_STAT_H 1
| #define HAVE_STDLIB_H 1
| #define HAVE_STRING_H 1
| #define HAVE_MEMORY_H 1
| #define HAVE_STRINGS_H 1
| #define HAVE_INTTYPES_H 1
| #define HAVE_STDINT_H 1
| #define HAVE_UNISTD_H 1
| #define HAVE_DLFCN_H 1
| #define HAVE_CRYPT 1
| #define ksize_t socklen_t
| #define HAVE_SYS_TYPES_H 1
| #define HAVE_STDINT_H 1
| #define HAVE_RES_INIT 1
| #define HAVE_RES_INIT 1
| #define SIZEOF_INT 4
| #define SIZEOF_LONG 4
| #define SIZEOF_CHAR_P 4
| #define SIZEOF_SIZE_T 4
| #define SIZEOF_UNSIGNED_LONG 4
| /* end confdefs.h.  */
| #include <stdio.h>
| #if HAVE_SYS_TYPES_H
| # include <sys/types.h>
| #endif
| #if HAVE_SYS_STAT_H
| # include <sys/stat.h>
| #endif
| #if STDC_HEADERS
| # include <stdlib.h>
| # include <stddef.h>
| #else
| # if HAVE_STDLIB_H
| #  include <stdlib.h>
| # endif
| #endif
| #if HAVE_STRING_H
| # if !STDC_HEADERS && HAVE_MEMORY_H
| #  include <memory.h>
| # endif
| # include <string.h>
| #endif
| #if HAVE_STRINGS_H
| # include <strings.h>
| #endif
| #if HAVE_INTTYPES_H
| # include <inttypes.h>
| #else
| # if HAVE_STDINT_H
| #  include <stdint.h>
| # endif
| #endif
| #if HAVE_UNISTD_H
| # include <unistd.h>
| #endif
| #include <crt_externs.h>
configure:21130: result: no
configure:21134: checking crt_externs.h presence
configure:21145: gcc -E  conftest.c
conftest.c:38:25: crt_externs.h: No such file or directory
configure:21151: $? = 1
configure: failed program was:
| /* #line 21136 "configure" */
| /* confdefs.h.  */
| 
| #define PACKAGE_NAME ""
| #define PACKAGE_TARNAME ""
| #define PACKAGE_VERSION ""
| #define PACKAGE_STRING ""
| #define PACKAGE_BUGREPORT ""
| #define PACKAGE "kstreamripper"
| #define VERSION "0.1"
| #ifdef __cplusplus
| #include <stdlib.h>
| #endif
| #define KDELIBSUFF ""
| #define STDC_HEADERS 1
| #define HAVE_SYS_TYPES_H 1
| #define HAVE_SYS_STAT_H 1
| #define HAVE_STDLIB_H 1
| #define HAVE_STRING_H 1
| #define HAVE_MEMORY_H 1
| #define HAVE_STRINGS_H 1
| #define HAVE_INTTYPES_H 1
| #define HAVE_STDINT_H 1
| #define HAVE_UNISTD_H 1
| #define HAVE_DLFCN_H 1
| #define HAVE_CRYPT 1
| #define ksize_t socklen_t
| #define HAVE_SYS_TYPES_H 1
| #define HAVE_STDINT_H 1
| #define HAVE_RES_INIT 1
| #define HAVE_RES_INIT 1
| #define SIZEOF_INT 4
| #define SIZEOF_LONG 4
| #define SIZEOF_CHAR_P 4
| #define SIZEOF_SIZE_T 4
| #define SIZEOF_UNSIGNED_LONG 4
| /* end confdefs.h.  */
| #include <crt_externs.h>
configure:21170: result: no
configure:21206: checking for crt_externs.h
configure:21213: result: no
configure:21226: checking for _NSGetEnviron
configure:21276: gcc -o conftest -ansi -W -Wall -pedantic -Wchar-subscripts -Wshadow -Wpointer-arith -Wmissing-prototypes -Wwrite-strings -D_XOPEN_SOURCE=500 -D_BSD_SOURCE -O2   -Wformat-security -Wmissing-format-attribute   conftest.c  >&5
/tmp/cc6hyKtf.o(.text+0xe): In function `main':
: undefined reference to `_NSGetEnviron'
/tmp/cc6hyKtf.o(.data+0x0): undefined reference to `_NSGetEnviron'
collect2: ld returned 1 exit status
configure:21279: $? = 1
configure: failed program was:
| /* #line 21231 "configure" */
| /* confdefs.h.  */
| 
| #define PACKAGE_NAME ""
| #define PACKAGE_TARNAME ""
| #define PACKAGE_VERSION ""
| #define PACKAGE_STRING ""
| #define PACKAGE_BUGREPORT ""
| #define PACKAGE "kstreamripper"
| #define VERSION "0.1"
| #ifdef __cplusplus
| #include <stdlib.h>
| #endif
| #define KDELIBSUFF ""
| #define STDC_HEADERS 1
| #define HAVE_SYS_TYPES_H 1
| #define HAVE_SYS_STAT_H 1
| #define HAVE_STDLIB_H 1
| #define HAVE_STRING_H 1
| #define HAVE_MEMORY_H 1
| #define HAVE_STRINGS_H 1
| #define HAVE_INTTYPES_H 1
| #define HAVE_STDINT_H 1
| #define HAVE_UNISTD_H 1
| #define HAVE_DLFCN_H 1
| #define HAVE_CRYPT 1
| #define ksize_t socklen_t
| #define HAVE_SYS_TYPES_H 1
| #define HAVE_STDINT_H 1
| #define HAVE_RES_INIT 1
| #define HAVE_RES_INIT 1
| #define SIZEOF_INT 4
| #define SIZEOF_LONG 4
| #define SIZEOF_CHAR_P 4
| #define SIZEOF_SIZE_T 4
| #define SIZEOF_UNSIGNED_LONG 4
| /* end confdefs.h.  */
| /* System header to define __stub macros and hopefully few prototypes,
|     which can conflict with char _NSGetEnviron (); below.
|     Prefer <limits.h> to <assert.h> if __STDC__ is defined, since
|     <limits.h> exists even on freestanding compilers.  */
| #ifdef __STDC__
| # include <limits.h>
| #else
| # include <assert.h>
| #endif
| /* Override any gcc2 internal prototype to avoid an error.  */
| #ifdef __cplusplus
| extern "C"
| {
| #endif
| /* We use char because int might match the return type of a gcc2
|    builtin and then its argument prototype would still apply.  */
| char _NSGetEnviron ();
| /* The GNU C library defines this for functions which it implements
|     to always fail with ENOSYS.  Some functions are actually named
|     something starting with __ and the normal name is an alias.  */
| #if defined (__stub__NSGetEnviron) || defined (__stub____NSGetEnviron)
| choke me
| #else
| char (*f) () = _NSGetEnviron;
| #endif
| #ifdef __cplusplus
| }
| #endif
| 
| int
| main ()
| {
| return f != _NSGetEnviron;
|   ;
|   return 0;
| }
configure:21296: result: no
configure:21318: checking for vsnprintf
configure:21368: gcc -o conftest -ansi -W -Wall -pedantic -Wchar-subscripts -Wshadow -Wpointer-arith -Wmissing-prototypes -Wwrite-strings -D_XOPEN_SOURCE=500 -D_BSD_SOURCE -O2   -Wformat-security -Wmissing-format-attribute   conftest.c  >&5
configure:21371: $? = 0
configure:21374: test -s conftest
configure:21377: $? = 0
configure:21388: result: yes
configure:21318: checking for snprintf
configure:21368: gcc -o conftest -ansi -W -Wall -pedantic -Wchar-subscripts -Wshadow -Wpointer-arith -Wmissing-prototypes -Wwrite-strings -D_XOPEN_SOURCE=500 -D_BSD_SOURCE -O2   -Wformat-security -Wmissing-format-attribute   conftest.c  >&5
configure:21371: $? = 0
configure:21374: test -s conftest
configure:21377: $? = 0
configure:21388: result: yes
configure:21435: checking for X
configure:21481: gcc -E  conftest.c
configure:21487: $? = 0
configure:21578: gcc -o conftest -ansi -W -Wall -pedantic -Wchar-subscripts -Wshadow -Wpointer-arith -Wmissing-prototypes -Wwrite-strings -D_XOPEN_SOURCE=500 -D_BSD_SOURCE -O2   -Wformat-security -Wmissing-format-attribute   conftest.c -lXt  >&5
conftest.c: In function `main':
conftest.c:44: warning: implicit declaration of function `XtMalloc'
/usr//bin/ld: cannot find -lXt
collect2: ld returned 1 exit status
configure:21581: $? = 1
configure: failed program was:
| /* #line 21561 "configure" */
| /* confdefs.h.  */
| 
| #define PACKAGE_NAME ""
| #define PACKAGE_TARNAME ""
| #define PACKAGE_VERSION ""
| #define PACKAGE_STRING ""
| #define PACKAGE_BUGREPORT ""
| #define PACKAGE "kstreamripper"
| #define VERSION "0.1"
| #ifdef __cplusplus
| #include <stdlib.h>
| #endif
| #define KDELIBSUFF ""
| #define STDC_HEADERS 1
| #define HAVE_SYS_TYPES_H 1
| #define HAVE_SYS_STAT_H 1
| #define HAVE_STDLIB_H 1
| #define HAVE_STRING_H 1
| #define HAVE_MEMORY_H 1
| #define HAVE_STRINGS_H 1
| #define HAVE_INTTYPES_H 1
| #define HAVE_STDINT_H 1
| #define HAVE_UNISTD_H 1
| #define HAVE_DLFCN_H 1
| #define HAVE_CRYPT 1
| #define ksize_t socklen_t
| #define HAVE_SYS_TYPES_H 1
| #define HAVE_STDINT_H 1
| #define HAVE_RES_INIT 1
| #define HAVE_RES_INIT 1
| #define SIZEOF_INT 4
| #define SIZEOF_LONG 4
| #define SIZEOF_CHAR_P 4
| #define SIZEOF_SIZE_T 4
| #define SIZEOF_UNSIGNED_LONG 4
| #define HAVE_VSNPRINTF 1
| #define HAVE_SNPRINTF 1
| /* end confdefs.h.  */
| 
| int
| main ()
| {
| XtMalloc()
|   ;
|   return 0;
| }
configure:21732: result: libraries /usr/X11R6/lib, headers /usr/X11R6/include
configure:21761: checking for IceConnectionNumber in -lICE
configure:21792: gcc -o conftest -ansi -W -Wall -pedantic -Wchar-subscripts -Wshadow -Wpointer-arith -Wmissing-prototypes -Wwrite-strings -D_XOPEN_SOURCE=500 -D_BSD_SOURCE -O2   -Wformat-security -Wmissing-format-attribute   -L/usr/X11R6/lib conftest.c -lICE   >&5
configure:21795: $? = 0
configure:21798: test -s conftest
configure:21801: $? = 0
configure:21813: result: yes
configure:21823: checking for libXext
configure:21859: gcc -o conftest -ansi -W -Wall -pedantic -Wchar-subscripts -Wshadow -Wpointer-arith -Wmissing-prototypes -Wwrite-strings -D_XOPEN_SOURCE=500 -D_BSD_SOURCE -O2   -Wformat-security -Wmissing-format-attribute   -L/usr/X11R6/lib  conftest.c -lXext -lX11  >&5
configure:21862: $? = 0
configure:21865: test -s conftest
configure:21868: $? = 0
configure:21886: result: yes
configure:21948: checking for pthread_create in -lpthread
configure:21979: gcc -o conftest -ansi -W -Wall -pedantic -Wchar-subscripts -Wshadow -Wpointer-arith -Wmissing-prototypes -Wwrite-strings -D_XOPEN_SOURCE=500 -D_BSD_SOURCE -O2   -Wformat-security -Wmissing-format-attribute   conftest.c -lpthread   >&5
configure:21982: $? = 0
configure:21985: test -s conftest
configure:21988: $? = 0
configure:22000: result: yes
configure:22420: checking for extra includes
configure:22448: result: no
configure:22452: checking for extra libs
configure:22481: result: no
configure:22487: checking for libz
configure:22529: gcc -o conftest -ansi -W -Wall -pedantic -Wchar-subscripts -Wshadow -Wpointer-arith -Wmissing-prototypes -Wwrite-strings -D_XOPEN_SOURCE=500 -D_BSD_SOURCE -O2   -Wformat-security -Wmissing-format-attribute -I/usr/X11R6/include   -D_REENTRANT  conftest.c -L/usr/X11R6/lib  -lz  >&5
configure:22532: $? = 0
configure:22535: test -s conftest
configure:22538: $? = 0
configure:22559: result: -lz
configure:22580: checking for libpng
configure:22623: gcc -o conftest -ansi -W -Wall -pedantic -Wchar-subscripts -Wshadow -Wpointer-arith -Wmissing-prototypes -Wwrite-strings -D_XOPEN_SOURCE=500 -D_BSD_SOURCE -O2   -Wformat-security -Wmissing-format-attribute -I/usr/X11R6/include   -D_REENTRANT  conftest.c  -L/usr/X11R6/lib  -lpng -lz -lm -lX11  >&5
configure:22626: $? = 0
configure:22629: test -s conftest
configure:22632: $? = 0
configure:22655: result: -lpng -lz -lm
configure:22666: checking for libjpeg6b
configure:22713: gcc -o conftest -ansi -W -Wall -pedantic -Wchar-subscripts -Wshadow -Wpointer-arith -Wmissing-prototypes -Wwrite-strings -D_XOPEN_SOURCE=500 -D_BSD_SOURCE -O2   -Wformat-security -Wmissing-format-attribute -I/usr/X11R6/include   -D_REENTRANT  conftest.c -L/usr/X11R6/lib  -ljpeg6b -lm >&5
/usr//bin/ld: cannot find -ljpeg6b
collect2: ld returned 1 exit status
configure:22716: $? = 1
configure: failed program was:
| /* #line 22682 "configure" */
| /* confdefs.h.  */
| 
| #define PACKAGE_NAME ""
| #define PACKAGE_TARNAME ""
| #define PACKAGE_VERSION ""
| #define PACKAGE_STRING ""
| #define PACKAGE_BUGREPORT ""
| #define PACKAGE "kstreamripper"
| #define VERSION "0.1"
| #ifdef __cplusplus
| #include <stdlib.h>
| #endif
| #define KDELIBSUFF ""
| #define STDC_HEADERS 1
| #define HAVE_SYS_TYPES_H 1
| #define HAVE_SYS_STAT_H 1
| #define HAVE_STDLIB_H 1
| #define HAVE_STRING_H 1
| #define HAVE_MEMORY_H 1
| #define HAVE_STRINGS_H 1
| #define HAVE_INTTYPES_H 1
| #define HAVE_STDINT_H 1
| #define HAVE_UNISTD_H 1
| #define HAVE_DLFCN_H 1
| #define HAVE_CRYPT 1
| #define ksize_t socklen_t
| #define HAVE_SYS_TYPES_H 1
| #define HAVE_STDINT_H 1
| #define HAVE_RES_INIT 1
| #define HAVE_RES_INIT 1
| #define SIZEOF_INT 4
| #define SIZEOF_LONG 4
| #define SIZEOF_CHAR_P 4
| #define SIZEOF_SIZE_T 4
| #define SIZEOF_UNSIGNED_LONG 4
| #define HAVE_VSNPRINTF 1
| #define HAVE_SNPRINTF 1
| #define HAVE_LIBZ 1
| #define HAVE_LIBPNG 1
| /* end confdefs.h.  */
| /* Override any gcc2 internal prototype to avoid an error.  */
| struct jpeg_decompress_struct;
| typedef struct jpeg_decompress_struct * j_decompress_ptr;
| typedef int size_t;
| #ifdef __cplusplus
| extern "C" {
| #endif
|     void jpeg_CreateDecompress(j_decompress_ptr cinfo,
|                                     int version, size_t structsize);
| #ifdef __cplusplus
| }
| #endif
| /* We use char because int might match the return type of a gcc2
|     builtin and then its argument prototype would still apply.  */
| 
| int
| main ()
| {
| jpeg_CreateDecompress(0L, 0, 0);
|   ;
|   return 0;
| }
configure:22743: result: no
configure:22746: checking for libjpeg
configure:22793: gcc -o conftest -ansi -W -Wall -pedantic -Wchar-subscripts -Wshadow -Wpointer-arith -Wmissing-prototypes -Wwrite-strings -D_XOPEN_SOURCE=500 -D_BSD_SOURCE -O2   -Wformat-security -Wmissing-format-attribute -I/usr/X11R6/include   -D_REENTRANT  conftest.c -L/usr/X11R6/lib  -ljpeg -lm >&5
configure:22796: $? = 0
configure:22799: test -s conftest
configure:22802: $? = 0
configure:22820: result: -ljpeg
configure: 22847: ${prefix}/include/jpeglib.h
configure: 22847: /usr/include/jpeglib.h
taking that
configure:23017: checking for Qt
configure: 23085: /usr/lib/qt3/include/qstyle.h
taking that
tried NO
configure:23200: rm -rf SunWS_cache; g++ -o conftest -Wnon-virtual-dtor -Wno-long-long -Wundef -Wall -pedantic -W -Wpointer-arith -Wwrite-strings -ansi -D_XOPEN_SOURCE=500 -D_BSD_SOURCE -Wcast-align -Wconversion -Wchar-subscripts -O2 -g3 -O0 -Wformat-security -Wmissing-format-attribute -fno-exceptions -fno-check-new -fno-common -I/usr/lib/qt3/include -I/usr/X11R6/include  -DQT_THREAD_SUPPORT  -D_REENTRANT  -L/usr/lib/qt3/lib -L/usr/X11R6/lib   conftest.cc  -lqt-mt -lpng -lz -lm -ljpeg -ldl  -lXext -lX11 -lSM -lICE  -lpthread 1>&5
configure:23203: $? = 0
configure:23262: result: libraries /usr/lib/qt3/lib, headers /usr/lib/qt3/include using -mt
configure:23272: checking if Qt compiles without flags
configure:23369: rm -rf SunWS_cache; g++ -o conftest -Wnon-virtual-dtor -Wno-long-long -Wundef -Wall -pedantic -W -Wpointer-arith -Wwrite-strings -ansi -D_XOPEN_SOURCE=500 -D_BSD_SOURCE -Wcast-align -Wconversion -Wchar-subscripts -O2 -g3 -O0 -Wformat-security -Wmissing-format-attribute -fno-exceptions -fno-check-new -fno-common -I/usr/lib/qt3/include  -DQT_THREAD_SUPPORT  -D_REENTRANT  -L/usr/X11R6/lib conftest.cc -lqt-mt -lpng -lz -lm -ljpeg -ldl  -lXext -lX11 -lSM -lICE  -lXext -lX11  1>&5
/usr//bin/ld: cannot find -lqt-mt
collect2: ld returned 1 exit status
configure:23372: $? = 1
configure: failed program was:
#include "confdefs.h"
#include <qglobal.h>
#include <qapplication.h>
#include <qcursor.h>
#include <qstylefactory.h>
#include <private/qucomextra_p.h>
#if ! (QT_VERSION >= 300)
#error 1
#endif

int main() {
    (void)QStyleFactory::create(QString::null);
    QCursor c(Qt::WhatsThisCursor);
    return 0;
}
configure:23405: result: no
configure:23443: checking for moc
configure:23512: result: /usr/lib/qt3/bin/moc
configure:23520: checking for uic
configure:23571: result: /usr/lib/qt3/bin/uic
configure:23599: checking whether uic supports -L 
configure:23610: /usr/lib/qt3/bin/uic -L /nonexistant conftest.ui >/dev/null
configure:23613: $? = 0
configure:23625: result: yes
configure:23637: checking whether uic supports -nounload 
configure:23648: /usr/lib/qt3/bin/uic -nounload  conftest.ui >/dev/null
configure:23651: $? = 0
configure:23663: result: yes
configure:23700: checking if Qt needs -ljpeg
configure:23742: rm -rf SunWS_cache; g++ -o conftest -Wnon-virtual-dtor -Wno-long-long -Wundef -Wall -pedantic -W -Wpointer-arith -Wwrite-strings -ansi -D_XOPEN_SOURCE=500 -D_BSD_SOURCE -Wcast-align -Wconversion -Wchar-subscripts -O2 -g3 -O0 -Wformat-security -Wmissing-format-attribute -fno-exceptions -fno-check-new -fno-common -I/usr/lib/qt3/include -I/usr/X11R6/include   -DQT_THREAD_SUPPORT  -D_REENTRANT  conftest.cc -L/usr/X11R6/lib -L/usr/lib/qt3/lib -lqt-mt -lpng -lz -lm  -ldl -lXext -lX11 -lSM -lICE 1>&5
configure:23745: $? = 0
configure:23748: test -s conftest
configure:23751: $? = 0
configure:23779: result: no
configure:23811: checking for rpath
configure:23839: result: yes
configure:23842: checking for KDE
configure: 23893: /usr/local/kde/include/ksharedptr.h
configure: 23893: /usr/local/kde/include/ksharedptr.h
configure: 23893: /usr/local/kde/include/kde/ksharedptr.h
configure: 23893: /usr/local/kde/ksharedptr.h
configure: 23893: /usr/lib/kde/include/ksharedptr.h
configure: 23893: /usr/local/kde/include/ksharedptr.h
configure: 23893: /usr/local/include/ksharedptr.h
configure: 23893: /usr/kde/include/ksharedptr.h
configure: 23893: /usr/include/kde/ksharedptr.h
configure: 23893: /usr/include/ksharedptr.h
taking that
configure: 23923: /usr/local/kde/lib/libkio.la
configure: 23923: ${exec_prefix}/lib/libkio.la
configure: 23923: /usr/local/kde/lib/libkio.la
configure: 23923: /usr/local/kde/libkio.la
configure: 23923: /usr/lib/kde/lib/libkio.la
configure: 23923: /usr/local/kde/lib/libkio.la
configure: 23923: /usr/kde/lib/libkio.la
configure: 23923: /usr/lib/kde/libkio.la
configure: 23923: /usr/lib/kde3/libkio.la
configure: 23923: /usr/lib/libkio.la
taking that
configure: 23941: /usr/local/kde/lib/kde3/plugins/designer/kdewidgets.la
configure: 23941: ${exec_prefix}/lib/kde3/plugins/designer/kdewidgets.la
configure: 23941: /usr/local/kde/lib/kde3/plugins/designer/kdewidgets.la
configure: 23941: /usr/local/kde/kde3/plugins/designer/kdewidgets.la
configure: 23941: /usr/lib/kde/lib/kde3/plugins/designer/kdewidgets.la
configure: 23941: /usr/local/kde/lib/kde3/plugins/designer/kdewidgets.la
configure: 23941: /usr/kde/lib/kde3/plugins/designer/kdewidgets.la
configure: 23941: /usr/lib/kde/kde3/plugins/designer/kdewidgets.la
configure: 23941: /usr/lib/kde3/kde3/plugins/designer/kdewidgets.la
configure: 23941: /usr/lib/kde3/plugins/designer/kdewidgets.la
taking that
configure:24011: result: libraries /usr/lib, headers /usr/include
configure:24050: checking if UIC has KDE plugins available
configure:24077: /usr/lib/qt3/bin/uic -L /usr/lib/kde3/plugins/designer -nounload -impl actest.h actest.ui > actest.cpp
configure:24080: $? = 0
configure:24091: result: yes
configure:24130: checking for KDE paths
configure:24717: result: defaults
configure:24756: checking for dcopidl
configure:24815: result: /usr//bin/dcopidl
configure:24822: checking for dcopidl2cpp
configure:24881: result: /usr//bin/dcopidl2cpp
configure:24889: checking for mcopidl
configure:24948: result: /usr//bin/mcopidl
configure:24955: checking for artsc-config
configure:25014: result: /usr//bin/artsc-config
configure:25022: checking for kde-config
configure:25073: result: /usr//bin/kde-config
configure:25080: checking for meinproc
configure:25131: result: /usr//bin/meinproc
configure: 25150: /usr/local/kde/share/apps/ksgmltools2/customization/kde-chunk.xsl
configure: 25150: /usr/share/kde/apps/ksgmltools2/customization/kde-chunk.xsl
configure: 25150: /usr/local/share/apps/ksgmltools2/customization/kde-chunk.xsl
configure: 25150: /usr/share/apps/ksgmltools2/customization/kde-chunk.xsl
taking that
configure:25297: checking whether byte ordering is bigendian
configure:25325: gcc -c -ansi -W -Wall -pedantic -Wchar-subscripts -Wshadow -Wpointer-arith -Wmissing-prototypes -Wwrite-strings -D_XOPEN_SOURCE=500 -D_BSD_SOURCE -O2   -Wformat-security -Wmissing-format-attribute  -DQT_THREAD_SUPPORT  -D_REENTRANT conftest.c >&5
configure:25328: $? = 0
configure:25331: test -s conftest.o
configure:25334: $? = 0
configure:25359: gcc -c -ansi -W -Wall -pedantic -Wchar-subscripts -Wshadow -Wpointer-arith -Wmissing-prototypes -Wwrite-strings -D_XOPEN_SOURCE=500 -D_BSD_SOURCE -O2   -Wformat-security -Wmissing-format-attribute  -DQT_THREAD_SUPPORT  -D_REENTRANT conftest.c >&5
conftest.c: In function `main':
conftest.c:51: `not' undeclared (first use in this function)
conftest.c:51: (Each undeclared identifier is reported only once
conftest.c:51: for each function it appears in.)
conftest.c:51: parse error before "big"
configure:25362: $? = 1
configure: failed program was:
| /* #line 25337 "configure" */
| /* confdefs.h.  */
| 
| #define PACKAGE_NAME ""
| #define PACKAGE_TARNAME ""
| #define PACKAGE_VERSION ""
| #define PACKAGE_STRING ""
| #define PACKAGE_BUGREPORT ""
| #define PACKAGE "kstreamripper"
| #define VERSION "0.1"
| #ifdef __cplusplus
| #include <stdlib.h>
| #endif
| #define KDELIBSUFF ""
| #define STDC_HEADERS 1
| #define HAVE_SYS_TYPES_H 1
| #define HAVE_SYS_STAT_H 1
| #define HAVE_STDLIB_H 1
| #define HAVE_STRING_H 1
| #define HAVE_MEMORY_H 1
| #define HAVE_STRINGS_H 1
| #define HAVE_INTTYPES_H 1
| #define HAVE_STDINT_H 1
| #define HAVE_UNISTD_H 1
| #define HAVE_DLFCN_H 1
| #define HAVE_CRYPT 1
| #define ksize_t socklen_t
| #define HAVE_SYS_TYPES_H 1
| #define HAVE_STDINT_H 1
| #define HAVE_RES_INIT 1
| #define HAVE_RES_INIT 1
| #define SIZEOF_INT 4
| #define SIZEOF_LONG 4
| #define SIZEOF_CHAR_P 4
| #define SIZEOF_SIZE_T 4
| #define SIZEOF_UNSIGNED_LONG 4
| #define HAVE_VSNPRINTF 1
| #define HAVE_SNPRINTF 1
| #define HAVE_LIBZ 1
| #define HAVE_LIBPNG 1
| #define HAVE_LIBJPEG 1
| #define HAVE_LIBPTHREAD 1
| /* end confdefs.h.  */
| #include <sys/types.h>
| #include <sys/param.h>
| 
| int
| main ()
| {
| #if BYTE_ORDER != BIG_ENDIAN
|  not big endian
| #endif
| 
|   ;
|   return 0;
| }
configure:25482: result: no
configure:25502: checking for MAXPATHLEN
configure:25530: gcc -E  -DQT_THREAD_SUPPORT  -D_REENTRANT conftest.c 2>/dev/null | grep '^KDE_HELLO' >conftest.out
configure:25533: $? = 0
configure:25545: result: 4096
configure:25574: checking if doc should be compiled
configure:25586: result: yes
configure:25574: checking if po should be compiled
configure:25586: result: yes
configure:25574: checking if src should be compiled
configure:25586: result: yes
configure:25732: creating ./config.status

## ---------------------- ##
## Running config.status. ##
## ---------------------- ##

This file was extended by config.status, which was
generated by GNU Autoconf 2.57.  Invocation command line was

  CONFIG_FILES    = 
  CONFIG_HEADERS  = 
  CONFIG_LINKS    = 
  CONFIG_COMMANDS = 
  $ ./config.status 

on mybox

config.status:709: creating config.h
config.status:852: config.h is unchanged
config.status:965: executing depfiles commands

## ---------------- ##
## Cache variables. ##
## ---------------- ##

ac_cv_build=i686-pc-linux-gnu
ac_cv_build_alias=i686-pc-linux-gnu
ac_cv_c_bigendian=no
ac_cv_c_compiler_gnu=yes
ac_cv_cxx_compiler_gnu=yes
ac_cv_env_CC_set=
ac_cv_env_CC_value=
ac_cv_env_CFLAGS_set=
ac_cv_env_CFLAGS_value=
ac_cv_env_CPPFLAGS_set=
ac_cv_env_CPPFLAGS_value=
ac_cv_env_CPP_set=
ac_cv_env_CPP_value=
ac_cv_env_CXXCPP_set=
ac_cv_env_CXXCPP_value=
ac_cv_env_CXXFLAGS_set=set
ac_cv_env_CXXFLAGS_value='-g3 -O0'
ac_cv_env_CXX_set=
ac_cv_env_CXX_value=
ac_cv_env_LDFLAGS_set=
ac_cv_env_LDFLAGS_value=
ac_cv_env_build_alias_set=
ac_cv_env_build_alias_value=
ac_cv_env_host_alias_set=
ac_cv_env_host_alias_value=
ac_cv_env_target_alias_set=
ac_cv_env_target_alias_value=
ac_cv_exeext=
ac_cv_func__NSGetEnviron=no
ac_cv_func_connect=yes
ac_cv_func_inet_ntoa=yes
ac_cv_func_remove=yes
ac_cv_func_shmat=yes
ac_cv_func_snprintf=yes
ac_cv_func_vsnprintf=yes
ac_cv_have_dlfcn=yes
ac_cv_have_kde='have_kde=yes     ac_kde_includes=/usr/include ac_kde_libraries=/usr/lib'
ac_cv_have_qt='have_qt=yes     ac_qt_includes=/usr/lib/qt3/include ac_qt_libraries=/usr/lib/qt3/lib'
ac_cv_header_CoreAudio_CoreAudio_h=no
ac_cv_header_crt_externs_h=no
ac_cv_header_dlfcn_h=yes
ac_cv_header_inttypes_h=yes
ac_cv_header_memory_h=yes
ac_cv_header_stdc=yes
ac_cv_header_stdint_h=yes
ac_cv_header_stdlib_h=yes
ac_cv_header_string_h=yes
ac_cv_header_strings_h=yes
ac_cv_header_sys_stat_h=yes
ac_cv_header_sys_types_h=yes
ac_cv_header_unistd_h=yes
ac_cv_host=i686-pc-linux-gnu
ac_cv_host_alias=i686-pc-linux-gnu
ac_cv_lib_ICE_IceConnectionNumber=yes
ac_cv_lib_compat_main=no
ac_cv_lib_crypt_crypt=yes
ac_cv_lib_dl_dlopen=yes
ac_cv_lib_dld_shl_unload=no
ac_cv_lib_dnet_dnet_ntoa=no
ac_cv_lib_dnet_stub_dnet_ntoa=no
ac_cv_lib_jpeg_6b=no
ac_cv_lib_jpeg_normal=-ljpeg
ac_cv_lib_png='-lpng -lz -lm'
ac_cv_lib_poll_poll=no
ac_cv_lib_pthread_pthread_create=yes
ac_cv_lib_ucb_killpg=no
ac_cv_lib_util_main=yes
ac_cv_lib_z=-lz
ac_cv_maxpathlen=4096
ac_cv_objext=o
ac_cv_path_GMSGFMT=/usr//bin/msgfmt
ac_cv_path_MSGFMT=/usr//bin/msgfmt
ac_cv_path_XGETTEXT=/usr//bin/xgettext
ac_cv_path_install='/usr//bin/install -c'
ac_cv_prog_AWK=gawk
ac_cv_prog_CPP='gcc -E'
ac_cv_prog_CXXCPP='g++ -E'
ac_cv_prog_ac_ct_CC=gcc
ac_cv_prog_ac_ct_CXX=g++
ac_cv_prog_ac_ct_RANLIB=ranlib
ac_cv_prog_ac_ct_STRIP=strip
ac_cv_prog_cc_g=yes
ac_cv_prog_cc_stdc=
ac_cv_prog_cxx_g=yes
ac_cv_prog_egrep='grep -E'
ac_cv_prog_make_make_set=yes
ac_cv_sizeof_char_p=4
ac_cv_sizeof_int=4
ac_cv_sizeof_long=4
ac_cv_sizeof_size_t=4
ac_cv_sizeof_unsigned_long=4
ac_cv_socklen_t=socklen_t
ac_cv_target=i686-pc-linux-gnu
ac_cv_target_alias=i686-pc-linux-gnu
ac_cv_type_char_p=yes
ac_cv_type_int=yes
ac_cv_type_long=yes
ac_cv_type_size_t=yes
ac_cv_type_unsigned_long=yes
am_cv_CC_dependencies_compiler_type=gcc3
am_cv_CXX_dependencies_compiler_type=gcc3
kde_cv_all_paths='kde_have_all_paths="yes" 	kde_htmldir="\${prefix}/share/doc/HTML" 	kde_appsdir="\${prefix}/share/applnk" 	kde_icondir="\${prefix}/share/icons" 	kde_sounddir="\${prefix}/share/sounds" 	kde_datadir="\${prefix}/share/apps" 	kde_locale="\${prefix}/share/locale" 	kde_cgidir="\${exec_prefix}/cgi-bin" 	kde_confdir="\${prefix}/share/config" 	kde_mimedir="\${prefix}/share/mimelnk" 	kde_toolbardir="\${prefix}/share/toolbar" 	kde_wallpaperdir="\${prefix}/share/wallpapers" 	kde_templatesdir="\${prefix}/share/templates" 	kde_bindir="\${exec_prefix}/bin" 	kde_servicesdir="\${prefix}/share/services" 	kde_servicetypesdir="\${prefix}/share/servicetypes" 	kde_moduledir="\${libdir}/kde3" 	kde_styledir="\${libdir}/kde3/plugins/styles" 	kde_widgetdir="/usr/lib/kde3/plugins/designer" 	xdg_appsdir="\${datadir}/applications" 	xdg_directorydir="\${datadir}/desktop-directories" 	kde_result=defaults'
kde_cv_func_strlcat=no
kde_cv_func_strlcpy=no
kde_cv_have_libXext=yes
kde_cv_have_x='have_x=yes          kde_x_includes=/usr/X11R6/include kde_x_libraries=/usr/X11R6/lib'
kde_cv_path=/usr//bin/meinproc
kde_cv_path_artsc_config=/usr//bin/artsc-config
kde_cv_path_dcopidl=/usr//bin/dcopidl
kde_cv_path_dcopidl2cpp=/usr//bin/dcopidl2cpp
kde_cv_path_kde_config=/usr//bin/kde-config
kde_cv_path_mcopidl=/usr//bin/mcopidl
kde_cv_path_meinproc=/usr//bin/meinproc
kde_cv_path_moc=/usr/lib/qt3/bin/moc
kde_cv_path_uic=/usr/lib/qt3/bin/uic
kde_cv_prog_cxx_O0=yes
kde_cv_prog_cxx_Wmissing_format_attribute=yes
kde_cv_prog_cxx_Wno_long_long=yes
kde_cv_prog_cxx_Wnon_virtual_dtor=yes
kde_cv_prog_cxx_Wundef=yes
kde_cv_prog_cxx_fexceptions=yes
kde_cv_prog_cxx_fno_check_new=yes
kde_cv_prog_cxx_fno_common=yes
kde_cv_prog_cxx_fno_exceptions=yes
kde_cv_prog_uic_L=yes
kde_cv_prog_uic_nounload=yes
kde_cv_proto_strlcat='yes - in libkdefakes'
kde_cv_proto_strlcpy='yes - in libkdefakes'
kde_cv_qt_direct=no
kde_cv_qt_jpeg=no
kde_cv_uic_plugins=yes
lt_cv_deplibs_check_method=pass_all
lt_cv_file_magic_cmd='$MAGIC_CMD'
lt_cv_file_magic_test_file='/lib/libc.so.6 /lib/libc-2.3.1.so'
lt_cv_ld_reload_flag=-r
lt_cv_objdir=.libs
lt_cv_path_LD=/usr//bin/ld
lt_cv_path_NM='/usr//bin/nm -B'
lt_cv_path_SED=/bin/sed
lt_cv_prog_compiler_c_o=yes
lt_cv_prog_compiler_c_o_CXX=yes
lt_cv_prog_compiler_c_o_GCJ=no
lt_cv_prog_compiler_rtti_exceptions=no
lt_cv_prog_gnu_ld=yes
lt_cv_sys_global_symbol_pipe='sed -n -e '\''s/^.*[ 	]\([ABCDGISTW][ABCDGISTW]*\)[ 	][ 	]*\(\)\([_A-Za-z][_A-Za-z0-9]*\)$/\1 \2\3 \3/p'\'''
lt_cv_sys_global_symbol_to_c_name_address='sed -n -e '\''s/^: \([^ ]*\) $/  {\"\1\", (lt_ptr) 0},/p'\'' -e '\''s/^[BCDEGRST] \([^ ]*\) \([^ ]*\)$/  {"\2", (lt_ptr) \&\2},/p'\'''
lt_cv_sys_global_symbol_to_cdecl='sed -n -e '\''s/^. .* \(.*\)$/extern int \1;/p'\'''
lt_cv_sys_max_cmd_len=32768
lt_lt_cv_prog_compiler_c_o='"yes"'
lt_lt_cv_prog_compiler_c_o_CXX='"yes"'
lt_lt_cv_prog_compiler_c_o_GCJ='"no"'
lt_lt_cv_sys_global_symbol_pipe='"sed -n -e '\''s/^.*[ 	]\\([ABCDGISTW][ABCDGISTW]*\\)[ 	][ 	]*\\(\\)\\([_A-Za-z][_A-Za-z0-9]*\\)\$/\\1 \\2\\3 \\3/p'\''"'
lt_lt_cv_sys_global_symbol_to_c_name_address='"sed -n -e '\''s/^: \\([^ ]*\\) \$/  {\\\"\\1\\\", (lt_ptr) 0},/p'\'' -e '\''s/^[BCDEGRST] \\([^ ]*\\) \\([^ ]*\\)\$/  {\"\\2\", (lt_ptr) \\&\\2},/p'\''"'
lt_lt_cv_sys_global_symbol_to_cdecl='"sed -n -e '\''s/^. .* \\(.*\\)\$/extern int \\1;/p'\''"'

## ----------------- ##
## Output variables. ##
## ----------------- ##

ACLOCAL='${SHELL} /home/tuxipuxi/Documents/cpp/kstreamripper/admin/missing --run aclocal-1.7'
AMDEPBACKSLASH='\'
AMDEP_FALSE='#'
AMDEP_TRUE=''
AMTAR='${SHELL} /home/tuxipuxi/Documents/cpp/kstreamripper/admin/missing --run tar'
ARTSCCONFIG='/usr//bin/artsc-config'
AUTOCONF='${SHELL} /home/tuxipuxi/Documents/cpp/kstreamripper/admin/missing --run autoconf'
AUTODIRS=''
AUTOHEADER='${SHELL} /home/tuxipuxi/Documents/cpp/kstreamripper/admin/missing --run autoheader'
AUTOMAKE='${SHELL} /home/tuxipuxi/Documents/cpp/kstreamripper/admin/missing --run automake-1.7'
AWK='gawk'
BROCKENBORING=''
CC='gcc'
CCDEPMODE='depmode=gcc3'
CFLAGS='-ansi -W -Wall -pedantic -Wchar-subscripts -Wshadow -Wpointer-arith -Wmissing-prototypes -Wwrite-strings -D_XOPEN_SOURCE=500 -D_BSD_SOURCE -O2   -Wformat-security -Wmissing-format-attribute'
CONF_FILES=' $(top_srcdir)/./admin/configure.in.min $(top_srcdir)/configure.in.in'
CPP='gcc -E'
CPPFLAGS=' -DQT_THREAD_SUPPORT  -D_REENTRANT'
CXX='g++'
CXXCPP='g++ -E'
CXXDEPMODE='depmode=gcc3'
CXXFLAGS='-Wnon-virtual-dtor -Wno-long-long -Wundef -Wall -pedantic -W -Wpointer-arith -Wwrite-strings -ansi -D_XOPEN_SOURCE=500 -D_BSD_SOURCE -Wcast-align -Wconversion -Wchar-subscripts -O2 -g3 -O0 -Wformat-security -Wmissing-format-attribute -fno-exceptions -fno-check-new -fno-common'
CYGPATH_W='echo'
DCOPIDL2CPP='/usr//bin/dcopidl2cpp'
DCOPIDL='/usr//bin/dcopidl'
DCOP_DEPENDENCIES='$(DCOPIDL)'
DEFS='-DHAVE_CONFIG_H'
DEPDIR='.deps'
ECHO='echo'
ECHO_C=''
ECHO_N='-n'
ECHO_T=''
EGREP='grep -E'
EXEEXT=''
FRAMEWORK_COREAUDIO=''
GMSGFMT='/usr//bin/msgfmt'
INSTALL_DATA='${INSTALL} -m 644'
INSTALL_PROGRAM='${INSTALL} $(INSTALL_STRIP_FLAG)'
INSTALL_SCRIPT='${INSTALL}'
INSTALL_STRIP_PROGRAM='${SHELL} $(install_sh) -c -s'
KDECONFIG='/usr//bin/kde-config'
KDE_EXTRA_RPATH=''
KDE_INCLUDES=''
KDE_LDFLAGS='-L/usr/lib'
KDE_MT_LDFLAGS=''
KDE_MT_LIBS='-lpthread'
KDE_NO_UNDEFINED=''
KDE_PLUGIN='-avoid-version -module -no-undefined $(KDE_NO_UNDEFINED) $(KDE_RPATH) $(KDE_MT_LDFLAGS)'
KDE_RPATH='-R $(kde_libraries) -R $(qt_libraries) -R $(x_libraries)'
KDE_USE_CLOSURE_FALSE='#'
KDE_USE_CLOSURE_TRUE=''
KDE_USE_FINAL_FALSE=''
KDE_USE_FINAL_TRUE='#'
KDE_USE_NMCHECK_FALSE=''
KDE_USE_NMCHECK_TRUE='#'
KDE_XSL_STYLESHEET='/usr/share/apps/ksgmltools2/customization/kde-chunk.xsl'
LDFLAGS=''
LIBCOMPAT=''
LIBCRYPT='-lcrypt'
LIBDL='-ldl'
LIBJPEG='-ljpeg'
LIBOBJS=''
LIBPNG='-lpng -lz -lm'
LIBPTHREAD='-lpthread'
LIBRESOLV='-lresolv'
LIBS=''
LIBSM='-lSM -lICE'
LIBSOCKET=''
LIBTOOL='$(SHELL) $(top_builddir)/libtool --silent'
LIBUCB=''
LIBUTIL='-lutil'
LIBZ='-lz'
LIB_KAB='-lkab'
LIB_KABC='-lkabc'
LIB_KDECORE='-lkdecore'
LIB_KDEPRINT='-lkdeprint'
LIB_KDEUI='-lkdeui'
LIB_KFILE='-lkio'
LIB_KFM=''
LIB_KHTML='-lkhtml'
LIB_KIO='-lkio'
LIB_KPARTS='-lkparts'
LIB_KSPELL='-lkspell'
LIB_KSYCOCA='-lkio'
LIB_POLL=''
LIB_QPE=''
LIB_QT='-lqt-mt  $(LIBZ) $(LIBPNG) -lXext $(LIB_X11) $(LIBSM) -lpthread'
LIB_SMB='-lsmb'
LIB_X11='-lX11 $(LIBSOCKET)'
LIB_XEXT='-lXext'
LIB_XRENDER=''
LN_S='ln -s'
LTLIBOBJS=''
MAKEINFO='${SHELL} /home/tuxipuxi/Documents/cpp/kstreamripper/admin/missing --run makeinfo'
MCOPIDL='/usr//bin/mcopidl'
MEINPROC='/usr//bin/meinproc'
MOC='/usr/lib/qt3/bin/moc'
MSGFMT='/usr//bin/msgfmt'
NOOPT_CFLAGS='-O0'
NOOPT_CXXFLAGS='-O0'
OBJEXT='o'
PACKAGE='kstreamripper'
PACKAGE_BUGREPORT=''
PACKAGE_NAME=''
PACKAGE_STRING=''
PACKAGE_TARNAME=''
PACKAGE_VERSION=''
PATH_SEPARATOR=':'
QTE_NORTTI=''
QT_INCLUDES='-I/usr/lib/qt3/include'
QT_LDFLAGS='-L/usr/lib/qt3/lib'
RANLIB='ranlib'
SET_MAKE=''
SHELL='/bin/sh'
STRIP='strip'
TOPSUBDIRS=' doc po src'
UIC='/usr/lib/qt3/bin/uic -L $(kde_widgetdir) -nounload'
UIC_TR='tr2i18n'
USER_INCLUDES=''
USER_LDFLAGS=''
USE_EXCEPTIONS='-fexceptions'
USE_RTTI=''
USE_THREADS=''
VERSION='0.1'
WOVERLOADED_VIRTUAL=''
XGETTEXT='/usr//bin/xgettext'
X_EXTRA_LIBS=''
X_INCLUDES='-I/usr/X11R6/include'
X_LDFLAGS='-L/usr/X11R6/lib'
X_PRE_LIBS=''
X_RPATH='-R $(x_libraries)'
ac_ct_CC='gcc'
ac_ct_CXX='g++'
ac_ct_RANLIB='ranlib'
ac_ct_STRIP='strip'
all_includes='-I/usr/lib/qt3/include -I/usr/X11R6/include '
all_libraries='-L/usr/X11R6/lib -L/usr/lib/qt3/lib -L/usr/lib '
am__fastdepCC_FALSE='#'
am__fastdepCC_TRUE=''
am__fastdepCXX_FALSE='#'
am__fastdepCXX_TRUE=''
am__include='include'
am__quote=''
bindir='${exec_prefix}/bin'
build='i686-pc-linux-gnu'
build_alias=''
build_cpu='i686'
build_os='linux-gnu'
build_vendor='pc'
datadir='${prefix}/share'
exec_prefix='${prefix}'
host='i686-pc-linux-gnu'
host_alias=''
host_cpu='i686'
host_os='linux-gnu'
host_vendor='pc'
include_ARTS_FALSE='#'
include_ARTS_TRUE=''
includedir='${prefix}/include'
infodir='${prefix}/info'
install_sh='/home/tuxipuxi/Documents/cpp/kstreamripper/admin/install-sh'
kde_appsdir='${prefix}/share/applnk'
kde_bindir='${exec_prefix}/bin'
kde_confdir='${prefix}/share/config'
kde_datadir='${prefix}/share/apps'
kde_htmldir='${prefix}/share/doc/HTML'
kde_icondir='${prefix}/share/icons'
kde_includes='/usr/include'
kde_libraries='/usr/lib'
kde_libs_htmldir='/usr/share/doc/HTML'
kde_libs_prefix='/usr'
kde_locale='${prefix}/share/locale'
kde_mimedir='${prefix}/share/mimelnk'
kde_moduledir='${libdir}/kde3'
kde_qtver='3'
kde_servicesdir='${prefix}/share/services'
kde_servicetypesdir='${prefix}/share/servicetypes'
kde_sounddir='${prefix}/share/sounds'
kde_styledir='${libdir}/kde3/plugins/styles'
kde_templatesdir='${prefix}/share/templates'
kde_wallpaperdir='${prefix}/share/wallpapers'
kde_widgetdir='/usr/lib/kde3/plugins/designer'
kdeinitdir='$(kde_moduledir)'
libdir='${exec_prefix}/lib'
libexecdir='${exec_prefix}/libexec'
localstatedir='${prefix}/var'
mandir='${prefix}/man'
oldincludedir='/usr/include'
prefix='/usr/local/kde'
program_transform_name='s,x,x,'
qt_includes='/usr/lib/qt3/include'
qt_libraries='/usr/lib/qt3/lib'
sbindir='${exec_prefix}/sbin'
sharedstatedir='${prefix}/com'
sysconfdir='${prefix}/etc'
target='i686-pc-linux-gnu'
target_alias=''
target_cpu='i686'
target_os='linux-gnu'
target_vendor='pc'
x_includes='/usr/X11R6/include'
x_libraries='/usr/X11R6/lib'
xdg_appsdir='${datadir}/applications'
xdg_directorydir='${datadir}/desktop-directories'

## ----------- ##
## confdefs.h. ##
## ----------- ##

#define HAVE_CRYPT 1
#define HAVE_DLFCN_H 1
#define HAVE_INTTYPES_H 1
#define HAVE_LIBJPEG 1
#define HAVE_LIBPNG 1
#define HAVE_LIBPTHREAD 1
#define HAVE_LIBZ 1
#define HAVE_MEMORY_H 1
#define HAVE_RES_INIT 1
#define HAVE_RES_INIT 1
#define HAVE_SNPRINTF 1
#define HAVE_STDINT_H 1
#define HAVE_STDINT_H 1
#define HAVE_STDLIB_H 1
#define HAVE_STRINGS_H 1
#define HAVE_STRING_H 1
#define HAVE_SYS_STAT_H 1
#define HAVE_SYS_TYPES_H 1
#define HAVE_SYS_TYPES_H 1
#define HAVE_UNISTD_H 1
#define HAVE_VSNPRINTF 1
#define KDELIBSUFF ""
#define KDEMAXPATHLEN 4096
#define PACKAGE "kstreamripper"
#define PACKAGE_BUGREPORT ""
#define PACKAGE_NAME ""
#define PACKAGE_STRING ""
#define PACKAGE_TARNAME ""
#define PACKAGE_VERSION ""
#define SIZEOF_CHAR_P 4
#define SIZEOF_INT 4
#define SIZEOF_LONG 4
#define SIZEOF_SIZE_T 4
#define SIZEOF_UNSIGNED_LONG 4
#define STDC_HEADERS 1
#define VERSION "0.1"
#define ksize_t socklen_t
#endif
#ifdef __cplusplus
#include <stdlib.h>

configure: exit 0

## ---------------------- ##
## Running config.status. ##
## ---------------------- ##

This file was extended by config.status, which was
generated by GNU Autoconf 2.57.  Invocation command line was

  CONFIG_FILES    = 
  CONFIG_HEADERS  = 
  CONFIG_LINKS    = 
  CONFIG_COMMANDS = 
  $ ./config.status config.h

on mybox

config.status:709: creating config.h
config.status:852: config.h is unchanged

## ---------------------- ##
## Running config.status. ##
## ---------------------- ##

This file was extended by config.status, which was
generated by GNU Autoconf 2.57.  Invocation command line was

  CONFIG_FILES    = 
  CONFIG_HEADERS  = 
  CONFIG_LINKS    = 
  CONFIG_COMMANDS = 
  $ ./config.status Makefile

on mybox


## ---------------------- ##
## Running config.status. ##
## ---------------------- ##

This file was extended by config.status, which was
generated by GNU Autoconf 2.57.  Invocation command line was

  CONFIG_FILES    = 
  CONFIG_HEADERS  = 
  CONFIG_LINKS    = 
  CONFIG_COMMANDS = 
  $ ./config.status doc/Makefile

on mybox


## ---------------------- ##
## Running config.status. ##
## ---------------------- ##

This file was extended by config.status, which was
generated by GNU Autoconf 2.57.  Invocation command line was

  CONFIG_FILES    = 
  CONFIG_HEADERS  = 
  CONFIG_LINKS    = 
  CONFIG_COMMANDS = 
  $ ./config.status doc/en/Makefile

on mybox


## ---------------------- ##
## Running config.status. ##
## ---------------------- ##

This file was extended by config.status, which was
generated by GNU Autoconf 2.57.  Invocation command line was

  CONFIG_FILES    = 
  CONFIG_HEADERS  = 
  CONFIG_LINKS    = 
  CONFIG_COMMANDS = 
  $ ./config.status po/Makefile

on mybox


## ---------------------- ##
## Running config.status. ##
## ---------------------- ##

This file was extended by config.status, which was
generated by GNU Autoconf 2.57.  Invocation command line was

  CONFIG_FILES    = 
  CONFIG_HEADERS  = 
  CONFIG_LINKS    = 
  CONFIG_COMMANDS = 
  $ ./config.status src/Makefile depfiles

on mybox

config.status:965: executing depfiles commands

## ---------------------- ##
## Running config.status. ##
## ---------------------- ##

This file was extended by config.status, which was
generated by GNU Autoconf 2.57.  Invocation command line was

  CONFIG_FILES    = 
  CONFIG_HEADERS  = 
  CONFIG_LINKS    = 
  CONFIG_COMMANDS = 
  $ ./config.status Makefile

on mybox


## ---------------------- ##
## Running config.status. ##
## ---------------------- ##

This file was extended by config.status, which was
generated by GNU Autoconf 2.57.  Invocation command line was

  CONFIG_FILES    = 
  CONFIG_HEADERS  = 
  CONFIG_LINKS    = 
  CONFIG_COMMANDS = 
  $ ./config.status doc/Makefile

on mybox


## ---------------------- ##
## Running config.status. ##
## ---------------------- ##

This file was extended by config.status, which was
generated by GNU Autoconf 2.57.  Invocation command line was

  CONFIG_FILES    = 
  CONFIG_HEADERS  = 
  CONFIG_LINKS    = 
  CONFIG_COMMANDS = 
  $ ./config.status doc/en/Makefile

on mybox


## ---------------------- ##
## Running config.status. ##
## ---------------------- ##

This file was extended by config.status, which was
generated by GNU Autoconf 2.57.  Invocation command line was

  CONFIG_FILES    = 
  CONFIG_HEADERS  = 
  CONFIG_LINKS    = 
  CONFIG_COMMANDS = 
  $ ./config.status po/Makefile

on mybox


## ---------------------- ##
## Running config.status. ##
## ---------------------- ##

This file was extended by config.status, which was
generated by GNU Autoconf 2.57.  Invocation command line was

  CONFIG_FILES    = 
  CONFIG_HEADERS  = 
  CONFIG_LINKS    = 
  CONFIG_COMMANDS = 
  $ ./config.status src/Makefile depfiles

on mybox

config.status:965: executing depfiles commands
